#
# There is insufficient memory for the Java Runtime Environment to continue.
# Native memory allocation (malloc) failed to allocate 255696 bytes for Chunk::new
# Possible reasons:
#   The system is out of physical RAM or swap space
#   The process is running with CompressedOops enabled, and the Java Heap may be blocking the growth of the native heap
# Possible solutions:
#   Reduce memory load on the system
#   Increase physical memory or swap space
#   Check if swap backing store is full
#   Decrease Java heap size (-Xmx/-Xms)
#   Decrease number of Java threads
#   Decrease Java thread stack sizes (-Xss)
#   Set larger code cache with -XX:ReservedCodeCacheSize=
#   JVM is running with Unscaled Compressed Oops mode in which the Java heap is
#     placed in the first 4GB address space. The Java Heap base address is the
#     maximum limit for the native heap growth. Please use -XX:HeapBaseMinAddress
#     to set the Java Heap base and to place the Java Heap above 4GB virtual address.
# This output file may be truncated or incomplete.
#
#  Out of Memory Error (allocation.cpp:389), pid=13156, tid=0x00000000000044bc
#
# JRE version: OpenJDK Runtime Environment (8.0_242-b01) (build 1.8.0_242-release-1644-b01)
# Java VM: OpenJDK 64-Bit Server VM (25.242-b01 mixed mode windows-amd64 compressed oops)
# Failed to write core dump. Minidumps are not enabled by default on client versions of Windows
#

---------------  T H R E A D  ---------------

Current thread (0x00000000182e8800):  JavaThread "C2 CompilerThread0" daemon [_thread_in_native, id=17596, stack(0x0000000019940000,0x0000000019a40000)]

Stack: [0x0000000019940000,0x0000000019a40000]
[error occurred during error reporting (printing stack bounds), id 0xc0000005]

Native frames: (J=compiled Java code, j=interpreted, Vv=VM code, C=native code)


Current CompileTask:
C2:   1777 1447   !   4       sun.misc.URLClassPath$JarLoader::getResource (353 bytes)


---------------  P R O C E S S  ---------------

Java Threads: ( => current thread )
  0x000000001bb6a000 JavaThread "Thread-9" [_thread_blocked, id=27040, stack(0x000000001db70000,0x000000001dc70000)]
  0x000000001bb3c000 JavaThread "Stdin handler" [_thread_blocked, id=2296, stack(0x000000001da70000,0x000000001db70000)]
  0x000000001bb07000 JavaThread "Asynchronous log dispatcher for DefaultDaemonConnection: socket connection from /127.0.0.1:57865 to /127.0.0.1:57866" [_thread_blocked, id=28440, stack(0x000000001d970000,0x000000001da70000)]
  0x000000001bb38800 JavaThread "Daemon worker" [_thread_in_native, id=9528, stack(0x000000001d870000,0x000000001d970000)]
  0x000000001bb37800 JavaThread "Cancel handler" [_thread_blocked, id=5492, stack(0x000000001d770000,0x000000001d870000)]
  0x000000001b70d800 JavaThread "Handler for socket connection from /127.0.0.1:57865 to /127.0.0.1:57866" [_thread_in_native, id=26548, stack(0x000000001d670000,0x000000001d770000)]
  0x000000001b70a000 JavaThread "Daemon" [_thread_blocked, id=26564, stack(0x000000001d470000,0x000000001d570000)]
  0x000000001bace000 JavaThread "Daemon periodic checks" [_thread_blocked, id=26860, stack(0x000000001d170000,0x000000001d270000)]
  0x000000001ba79000 JavaThread "Incoming local TCP Connector on port 57865" [_thread_in_native, id=19808, stack(0x000000001cf20000,0x000000001d020000)]
  0x000000001a051000 JavaThread "Daemon health stats" [_thread_blocked, id=16000, stack(0x000000001c8e0000,0x000000001c9e0000)]
  0x0000000018384000 JavaThread "Service Thread" daemon [_thread_blocked, id=25672, stack(0x0000000019d40000,0x0000000019e40000)]
  0x00000000182f9800 JavaThread "C1 CompilerThread3" daemon [_thread_blocked, id=22608, stack(0x0000000019c40000,0x0000000019d40000)]
  0x00000000182f3000 JavaThread "C2 CompilerThread2" daemon [_thread_in_native, id=18104, stack(0x0000000019b40000,0x0000000019c40000)]
  0x00000000182ed800 JavaThread "C2 CompilerThread1" daemon [_thread_in_native, id=27968, stack(0x0000000019a40000,0x0000000019b40000)]
=>0x00000000182e8800 JavaThread "C2 CompilerThread0" daemon [_thread_in_native, id=17596, stack(0x0000000019940000,0x0000000019a40000)]
  0x00000000182e7800 JavaThread "Attach Listener" daemon [_thread_blocked, id=9648, stack(0x0000000019840000,0x0000000019940000)]
  0x00000000182e4800 JavaThread "Signal Dispatcher" daemon [_thread_blocked, id=15636, stack(0x0000000019740000,0x0000000019840000)]
  0x0000000002c2e000 JavaThread "Finalizer" daemon [_thread_blocked, id=17820, stack(0x0000000019540000,0x0000000019640000)]
  0x0000000016bec000 JavaThread "Reference Handler" daemon [_thread_blocked, id=3272, stack(0x0000000019440000,0x0000000019540000)]
  0x0000000002b2e800 JavaThread "main" [_thread_blocked, id=18792, stack(0x0000000002980000,0x0000000002a80000)]

Other Threads:
  0x0000000016be5800 VMThread [stack: 0x0000000019340000,0x0000000019440000] [id=27364]
  0x0000000018384800 WatcherThread [stack: 0x0000000019e40000,0x0000000019f40000] [id=24416]

VM state:not at safepoint (normal execution)

VM Mutex/Monitor currently owned by a thread: None

heap address: 0x00000000a0000000, size: 1536 MB, Compressed Oops mode: 32-bit
Narrow klass base: 0x0000000000000000, Narrow klass shift: 3
Compressed class space size: 1073741824 Address: 0x0000000100000000

Heap:
 PSYoungGen      total 71680K, used 53496K [0x00000000e0000000, 0x00000000e4b00000, 0x0000000100000000)
  eden space 66560K, 75% used [0x00000000e0000000,0x00000000e30deae0,0x00000000e4100000)
  from space 5120K, 67% used [0x00000000e4600000,0x00000000e495f810,0x00000000e4b00000)
  to   space 5120K, 0% used [0x00000000e4100000,0x00000000e4100000,0x00000000e4600000)
 ParOldGen       total 87552K, used 24K [0x00000000a0000000, 0x00000000a5580000, 0x00000000e0000000)
  object space 87552K, 0% used [0x00000000a0000000,0x00000000a0006000,0x00000000a5580000)
 Metaspace       used 12993K, capacity 13380K, committed 13440K, reserved 1060864K
  class space    used 1778K, capacity 1894K, committed 1920K, reserved 1048576K

Card table byte_map: [0x0000000011ff0000,0x0000000012300000] byte_map_base: 0x0000000011af0000

Marking Bits: (ParMarkBitMap*) 0x00000000745ff030
 Begin Bits: [0x0000000012f00000, 0x0000000014700000)
 End Bits:   [0x0000000014700000, 0x0000000015f00000)

Polling page: 0x0000000001180000

CodeCache: size=245760Kb used=5074Kb max_used=5079Kb free=240685Kb
 bounds [0x0000000002c30000, 0x0000000003130000, 0x0000000011c30000]
 total_blobs=1822 nmethods=1445 adapters=290
 compilation: enabled

Compilation events (10 events):
Event: 1.764 Thread 0x00000000182f9800 1445       3       java.util.LinkedList::listIterator (15 bytes)
Event: 1.764 Thread 0x00000000182f9800 nmethod 1445 0x0000000003128310 code [0x00000000031284c0, 0x0000000003128948]
Event: 1.764 Thread 0x00000000182f9800 1446       3       java.util.LinkedList$ListItr::<init> (47 bytes)
Event: 1.764 Thread 0x00000000182f9800 nmethod 1446 0x0000000003127dd0 code [0x0000000003127f40, 0x0000000003128208]
Event: 1.768 Thread 0x00000000182e8800 1447   !   4       sun.misc.URLClassPath$JarLoader::getResource (353 bytes)
Event: 1.770 Thread 0x00000000182f9800 1448       3       java.util.AbstractSequentialList::iterator (5 bytes)
Event: 1.770 Thread 0x00000000182f9800 nmethod 1448 0x0000000003127890 code [0x0000000003127a00, 0x0000000003127ce8]
Event: 1.770 Thread 0x00000000182ed800 1449       4       java.io.DataOutputStream::writeUTF (435 bytes)
Event: 1.771 Thread 0x00000000182f9800 1450       3       java.lang.reflect.Constructor::setConstructorAccessor (21 bytes)
Event: 1.771 Thread 0x00000000182f9800 nmethod 1450 0x0000000003127250 code [0x00000000031273c0, 0x0000000003127768]

GC Heap History (4 events):
Event: 0.621 GC heap before
{Heap before GC invocations=1 (full 0):
 PSYoungGen      total 38400K, used 33280K [0x00000000e0000000, 0x00000000e2a80000, 0x0000000100000000)
  eden space 33280K, 100% used [0x00000000e0000000,0x00000000e2080000,0x00000000e2080000)
  from space 5120K, 0% used [0x00000000e2580000,0x00000000e2580000,0x00000000e2a80000)
  to   space 5120K, 0% used [0x00000000e2080000,0x00000000e2080000,0x00000000e2580000)
 ParOldGen       total 87552K, used 0K [0x00000000a0000000, 0x00000000a5580000, 0x00000000e0000000)
  object space 87552K, 0% used [0x00000000a0000000,0x00000000a0000000,0x00000000a5580000)
 Metaspace       used 7530K, capacity 7774K, committed 8064K, reserved 1056768K
  class space    used 929K, capacity 1037K, committed 1152K, reserved 1048576K
Event: 0.628 GC heap after
Heap after GC invocations=1 (full 0):
 PSYoungGen      total 38400K, used 4579K [0x00000000e0000000, 0x00000000e4b00000, 0x0000000100000000)
  eden space 33280K, 0% used [0x00000000e0000000,0x00000000e0000000,0x00000000e2080000)
  from space 5120K, 89% used [0x00000000e2080000,0x00000000e24f8d00,0x00000000e2580000)
  to   space 5120K, 0% used [0x00000000e4600000,0x00000000e4600000,0x00000000e4b00000)
 ParOldGen       total 87552K, used 16K [0x00000000a0000000, 0x00000000a5580000, 0x00000000e0000000)
  object space 87552K, 0% used [0x00000000a0000000,0x00000000a0004000,0x00000000a5580000)
 Metaspace       used 7530K, capacity 7774K, committed 8064K, reserved 1056768K
  class space    used 929K, capacity 1037K, committed 1152K, reserved 1048576K
}
Event: 0.876 GC heap before
{Heap before GC invocations=2 (full 0):
 PSYoungGen      total 38400K, used 37859K [0x00000000e0000000, 0x00000000e4b00000, 0x0000000100000000)
  eden space 33280K, 100% used [0x00000000e0000000,0x00000000e2080000,0x00000000e2080000)
  from space 5120K, 89% used [0x00000000e2080000,0x00000000e24f8d00,0x00000000e2580000)
  to   space 5120K, 0% used [0x00000000e4600000,0x00000000e4600000,0x00000000e4b00000)
 ParOldGen       total 87552K, used 16K [0x00000000a0000000, 0x00000000a5580000, 0x00000000e0000000)
  object space 87552K, 0% used [0x00000000a0000000,0x00000000a0004000,0x00000000a5580000)
 Metaspace       used 7764K, capacity 8086K, committed 8320K, reserved 1056768K
  class space    used 954K, capacity 1077K, committed 1152K, reserved 1048576K
Event: 0.880 GC heap after
Heap after GC invocations=2 (full 0):
 PSYoungGen      total 71680K, used 3454K [0x00000000e0000000, 0x00000000e4b00000, 0x0000000100000000)
  eden space 66560K, 0% used [0x00000000e0000000,0x00000000e0000000,0x00000000e4100000)
  from space 5120K, 67% used [0x00000000e4600000,0x00000000e495f810,0x00000000e4b00000)
  to   space 5120K, 0% used [0x00000000e4100000,0x00000000e4100000,0x00000000e4600000)
 ParOldGen       total 87552K, used 24K [0x00000000a0000000, 0x00000000a5580000, 0x00000000e0000000)
  object space 87552K, 0% used [0x00000000a0000000,0x00000000a0006000,0x00000000a5580000)
 Metaspace       used 7764K, capacity 8086K, committed 8320K, reserved 1056768K
  class space    used 954K, capacity 1077K, committed 1152K, reserved 1048576K
}

Deoptimization events (10 events):
Event: 0.713 Thread 0x0000000002b2e800 Uncommon trap: reason=unstable_if action=reinterpret pc=0x0000000002e76574 method=java.lang.String.lastIndexOf([CII[CIII)I @ 66
Event: 0.831 Thread 0x0000000002b2e800 Uncommon trap: reason=null_assert action=make_not_entrant pc=0x0000000002f0573c method=java.util.zip.ZipEntry.<init>(Ljava/util/zip/ZipEntry;)V @ 70
Event: 0.945 Thread 0x0000000002b2e800 Uncommon trap: reason=class_check action=maybe_recompile pc=0x0000000002f4c498 method=java.util.regex.Matcher.match(II)Z @ 86
Event: 1.259 Thread 0x0000000002b2e800 Uncommon trap: reason=unstable_if action=reinterpret pc=0x0000000002f5cd08 method=java.io.WinNTFileSystem.normalize(Ljava/lang/String;)Ljava/lang/String; @ 128
Event: 1.632 Thread 0x000000001b70d800 Uncommon trap: reason=unstable_if action=reinterpret pc=0x0000000003032ae8 method=java.util.concurrent.ConcurrentHashMap.putVal(Ljava/lang/Object;Ljava/lang/Object;Z)Ljava/lang/Object; @ 206
Event: 1.646 Thread 0x000000001b70d800 Uncommon trap: reason=unstable_if action=reinterpret pc=0x0000000002f55f14 method=java.lang.String.substring(I)Ljava/lang/String; @ 35
Event: 1.686 Thread 0x000000001bb38800 Uncommon trap: reason=bimorphic action=maybe_recompile pc=0x0000000002ee7078 method=java.util.HashMap.putVal(ILjava/lang/Object;Ljava/lang/Object;ZZ)Ljava/lang/Object; @ 253
Event: 1.686 Thread 0x000000001bb38800 Uncommon trap: reason=bimorphic action=maybe_recompile pc=0x0000000002ee7078 method=java.util.HashMap.putVal(ILjava/lang/Object;Ljava/lang/Object;ZZ)Ljava/lang/Object; @ 253
Event: 1.686 Thread 0x000000001bb38800 Uncommon trap: reason=bimorphic action=maybe_recompile pc=0x0000000002ee7078 method=java.util.HashMap.putVal(ILjava/lang/Object;Ljava/lang/Object;ZZ)Ljava/lang/Object; @ 253
Event: 1.686 Thread 0x000000001bb38800 Uncommon trap: reason=bimorphic action=maybe_recompile pc=0x0000000002ee7078 method=java.util.HashMap.putVal(ILjava/lang/Object;Ljava/lang/Object;ZZ)Ljava/lang/Object; @ 253

Classes redefined (0 events):
No events

Internal exceptions (10 events):
Event: 1.634 Thread 0x000000001b70d800 Exception <a 'java/lang/NoSuchMethodError': <clinit>> (0x00000000e203a500) thrown at [C:\src\AOSP-openjdk-git\hotspot\src\share\vm\prims\jni.cpp, line 1615]
Event: 1.637 Thread 0x000000001b70d800 Exception <a 'java/lang/NoSuchMethodError': <clinit>> (0x00000000e204ce08) thrown at [C:\src\AOSP-openjdk-git\hotspot\src\share\vm\prims\jni.cpp, line 1615]
Event: 1.639 Thread 0x000000001b70d800 Exception <a 'java/lang/NoSuchMethodError': <clinit>> (0x00000000e2073f20) thrown at [C:\src\AOSP-openjdk-git\hotspot\src\share\vm\prims\jni.cpp, line 1615]
Event: 1.641 Thread 0x000000001b70d800 Exception <a 'java/lang/NoSuchMethodError': <clinit>> (0x00000000e208ba50) thrown at [C:\src\AOSP-openjdk-git\hotspot\src\share\vm\prims\jni.cpp, line 1615]
Event: 1.641 Thread 0x000000001b70d800 Exception <a 'java/lang/NoSuchMethodError': <clinit>> (0x00000000e20945f0) thrown at [C:\src\AOSP-openjdk-git\hotspot\src\share\vm\prims\jni.cpp, line 1615]
Event: 1.642 Thread 0x000000001b70d800 Exception <a 'java/lang/NoSuchMethodError': <clinit>> (0x00000000e20aa928) thrown at [C:\src\AOSP-openjdk-git\hotspot\src\share\vm\prims\jni.cpp, line 1615]
Event: 1.652 Thread 0x000000001b70d800 Exception <a 'java/lang/NoSuchMethodError': <clinit>> (0x00000000e2126e50) thrown at [C:\src\AOSP-openjdk-git\hotspot\src\share\vm\prims\jni.cpp, line 1615]
Event: 1.656 Thread 0x000000001b70d800 Exception <a 'java/lang/NoSuchMethodError': <clinit>> (0x00000000e2156598) thrown at [C:\src\AOSP-openjdk-git\hotspot\src\share\vm\prims\jni.cpp, line 1615]
Event: 1.662 Thread 0x000000001b70d800 Exception <a 'java/lang/NoSuchMethodError': <clinit>> (0x00000000e2184b60) thrown at [C:\src\AOSP-openjdk-git\hotspot\src\share\vm\prims\jni.cpp, line 1615]
Event: 1.664 Thread 0x000000001b70d800 Exception <a 'java/lang/NoSuchMethodError': <clinit>> (0x00000000e2190fd8) thrown at [C:\src\AOSP-openjdk-git\hotspot\src\share\vm\prims\jni.cpp, line 1615]

Events (10 events):
Event: 1.774 loading class org/gradle/tooling/internal/protocol/events/InternalTestSkippedResult
Event: 1.774 loading class org/gradle/tooling/internal/protocol/events/InternalTestSkippedResult done
Event: 1.775 loading class org/gradle/internal/build/event/types/DefaultTestFailureResult
Event: 1.775 loading class org/gradle/internal/build/event/types/DefaultTestFailureResult done
Event: 1.775 loading class org/gradle/tooling/internal/protocol/events/InternalTestFailureResult
Event: 1.775 loading class org/gradle/tooling/internal/protocol/events/InternalTestFailureResult done
Event: 1.775 loading class org/gradle/tooling/internal/protocol/events/InternalFailureResult
Event: 1.775 loading class org/gradle/tooling/internal/protocol/events/InternalFailureResult done
Event: 1.775 loading class com/google/common/collect/Maps
Event: 1.775 loading class com/google/common/collect/Maps done


Dynamic libraries:
0x00007ff704d30000 - 0x00007ff704d61000 	C:\Users\Marius\AppData\Local\JetBrains\Toolbox\apps\AndroidStudio\ch-0\201.6858069\jre\bin\java.exe
0x00007ff88b130000 - 0x00007ff88b326000 	C:\WINDOWS\SYSTEM32\ntdll.dll
0x00007ff88a560000 - 0x00007ff88a61d000 	C:\WINDOWS\System32\KERNEL32.DLL
0x00007ff8888d0000 - 0x00007ff888b98000 	C:\WINDOWS\System32\KERNELBASE.dll
0x00007ff889200000 - 0x00007ff8892ac000 	C:\WINDOWS\System32\ADVAPI32.dll
0x00007ff88a1f0000 - 0x00007ff88a28e000 	C:\WINDOWS\System32\msvcrt.dll
0x00007ff88a150000 - 0x00007ff88a1eb000 	C:\WINDOWS\System32\sechost.dll
0x00007ff889570000 - 0x00007ff889693000 	C:\WINDOWS\System32\RPCRT4.dll
0x00007ff8893d0000 - 0x00007ff889570000 	C:\WINDOWS\System32\USER32.dll
0x00007ff889090000 - 0x00007ff8890b2000 	C:\WINDOWS\System32\win32u.dll
0x00007ff889f10000 - 0x00007ff889f3a000 	C:\WINDOWS\System32\GDI32.dll
0x00007ff888bd0000 - 0x00007ff888cd9000 	C:\WINDOWS\System32\gdi32full.dll
0x00007ff888ff0000 - 0x00007ff88908d000 	C:\WINDOWS\System32\msvcp_win.dll
0x00007ff888e40000 - 0x00007ff888f40000 	C:\WINDOWS\System32\ucrtbase.dll
0x00007ff85d620000 - 0x00007ff85d8bb000 	C:\WINDOWS\WinSxS\amd64_microsoft.windows.common-controls_6595b64144ccf1df_6.0.19041.488_none_ca04af081b815d21\COMCTL32.dll
0x00007ff88ab40000 - 0x00007ff88ab70000 	C:\WINDOWS\System32\IMM32.DLL
0x00000000733c0000 - 0x0000000073492000 	C:\Users\Marius\AppData\Local\JetBrains\Toolbox\apps\AndroidStudio\ch-0\201.6858069\jre\jre\bin\msvcr100.dll
0x0000000073e30000 - 0x000000007467b000 	C:\Users\Marius\AppData\Local\JetBrains\Toolbox\apps\AndroidStudio\ch-0\201.6858069\jre\jre\bin\server\jvm.dll
0x00007ff8892b0000 - 0x00007ff8892b8000 	C:\WINDOWS\System32\PSAPI.DLL
0x00007ff861ea0000 - 0x00007ff861ea9000 	C:\WINDOWS\SYSTEM32\WSOCK32.dll
0x00007ff87cb10000 - 0x00007ff87cb37000 	C:\WINDOWS\SYSTEM32\WINMM.dll
0x00007ff880040000 - 0x00007ff88004a000 	C:\WINDOWS\SYSTEM32\VERSION.dll
0x00007ff88ab70000 - 0x00007ff88abdb000 	C:\WINDOWS\System32\WS2_32.dll
0x00007ff882bb0000 - 0x00007ff882bbf000 	C:\Users\Marius\AppData\Local\JetBrains\Toolbox\apps\AndroidStudio\ch-0\201.6858069\jre\jre\bin\verify.dll
0x00007ff87b400000 - 0x00007ff87b429000 	C:\Users\Marius\AppData\Local\JetBrains\Toolbox\apps\AndroidStudio\ch-0\201.6858069\jre\jre\bin\java.dll
0x00007ff882ab0000 - 0x00007ff882ac6000 	C:\Users\Marius\AppData\Local\JetBrains\Toolbox\apps\AndroidStudio\ch-0\201.6858069\jre\jre\bin\zip.dll
0x00007ff8896a0000 - 0x00007ff889de1000 	C:\WINDOWS\System32\SHELL32.dll
0x00007ff8868b0000 - 0x00007ff887045000 	C:\WINDOWS\SYSTEM32\windows.storage.dll
0x00007ff88ad90000 - 0x00007ff88b0e5000 	C:\WINDOWS\System32\combase.dll
0x00007ff8882e0000 - 0x00007ff88830c000 	C:\WINDOWS\SYSTEM32\Wldp.dll
0x00007ff889df0000 - 0x00007ff889e9e000 	C:\WINDOWS\System32\SHCORE.dll
0x00007ff889ea0000 - 0x00007ff889ef5000 	C:\WINDOWS\System32\shlwapi.dll
0x00007ff8887a0000 - 0x00007ff8887c6000 	C:\WINDOWS\SYSTEM32\profapi.dll
0x00007ff882a00000 - 0x00007ff882a1a000 	C:\Users\Marius\AppData\Local\JetBrains\Toolbox\apps\AndroidStudio\ch-0\201.6858069\jre\jre\bin\net.dll
0x00007ff888060000 - 0x00007ff8880ca000 	C:\WINDOWS\system32\mswsock.dll
0x00007ff8800d0000 - 0x00007ff8800e3000 	C:\Users\Marius\AppData\Local\JetBrains\Toolbox\apps\AndroidStudio\ch-0\201.6858069\jre\jre\bin\nio.dll
0x00007ff859620000 - 0x00007ff859647000 	C:\Users\Marius\.gradle\native\f6784746aeab05261644944871eae4fe03e0ef1612fff0a4a95f87b438bc6780\windows-amd64\native-platform.dll
0x00007ff882ba0000 - 0x00007ff882bad000 	C:\Users\Marius\AppData\Local\JetBrains\Toolbox\apps\AndroidStudio\ch-0\201.6858069\jre\jre\bin\management.dll
0x00007ff888230000 - 0x00007ff888248000 	C:\WINDOWS\SYSTEM32\CRYPTSP.dll
0x00007ff887980000 - 0x00007ff8879b4000 	C:\WINDOWS\system32\rsaenh.dll
0x00007ff888ba0000 - 0x00007ff888bc7000 	C:\WINDOWS\System32\bcrypt.dll
0x00007ff888760000 - 0x00007ff88878e000 	C:\WINDOWS\SYSTEM32\USERENV.dll
0x00007ff889110000 - 0x00007ff88918f000 	C:\WINDOWS\System32\bcryptprimitives.dll
0x00007ff888250000 - 0x00007ff88825c000 	C:\WINDOWS\SYSTEM32\CRYPTBASE.dll
0x00007ff887d00000 - 0x00007ff887d3b000 	C:\WINDOWS\SYSTEM32\IPHLPAPI.DLL
0x00007ff889190000 - 0x00007ff889198000 	C:\WINDOWS\System32\NSI.dll
0x00007ff87fbe0000 - 0x00007ff87fbf7000 	C:\WINDOWS\SYSTEM32\dhcpcsvc6.DLL
0x00007ff87fba0000 - 0x00007ff87fbbd000 	C:\WINDOWS\SYSTEM32\dhcpcsvc.DLL
0x00007ff887d40000 - 0x00007ff887e0b000 	C:\WINDOWS\SYSTEM32\DNSAPI.dll
0x00007ff880030000 - 0x00007ff88003b000 	C:\WINDOWS\SYSTEM32\WINNSI.DLL

VM Arguments:
jvm_args: -Xmx1536m -Dfile.encoding=windows-1252 -Duser.country=GB -Duser.language=en -Duser.variant 
java_command: org.gradle.launcher.daemon.bootstrap.GradleDaemon 6.5
java_class_path (initial): C:\Users\Marius\.gradle\wrapper\dists\gradle-6.5-bin\6nifqtx7604sqp1q6g8wikw7p\gradle-6.5\lib\gradle-launcher-6.5.jar
Launcher Type: SUN_STANDARD

Environment Variables:
JAVA_HOME=C:\Program Files\Java\jdk-13
PATH=C:\Program Files (x86)\Common Files\Intel\Shared Libraries\redist\intel64\compiler;C:\Windows\system32;C:\Windows;C:\Windows\System32\Wbem;C:\Windows\System32\WindowsPowerShell\v1.0\;C:\Windows\System32\OpenSSH\;C:\Program Files\NVIDIA Corporation\NVIDIA NvDLISR;C:\Program Files (x86)\NVIDIA Corporation\PhysX\Common;C:\Program Files (x86)\Microsoft SQL Server\150\DTS\Binn\;C:\Program Files\Microsoft SQL Server\Client SDK\ODBC\130\Tools\Binn\;C:\Program Files (x86)\Microsoft SQL Server\140\Tools\Binn\;C:\Program Files\Microsoft SQL Server\140\Tools\Binn\;C:\Program Files\Microsoft SQL Server\140\DTS\Binn\;C:\Program Files\Java\jdk-13\bin;%GRADLE_HOME%\bin;C:\Program Files\dotnet\;C:\Program Files\Microsoft SQL Server\130\Tools\Binn\;C:\Program Files\Microsoft SQL Server\Client SDK\ODBC\170\Tools\Binn\;C:\Users\Marius\AppData\Local\Packages\PythonSoftwareFoundation.Python.3.8_qbz5n2kfra8p0\LocalCache\local-packages\Python38\Scripts;C:\Program Files (x86)\Yarn\bin\;C:\WINDOWS\system32;C:\WINDOWS;C:\WINDOWS\System32\Wbem;C:\WINDOWS\System32\WindowsPowerShell\v1.0\;C:\WINDOWS\System32\OpenSSH\;C:\Program Files (x86)\Microsoft SQL Server\150\Tools\Binn\;C:\Program Files\Microsoft SQL Server\150\Tools\Binn\;C:\Program Files\Microsoft SQL Server\150\DTS\Binn\;C:\Program Files\Git\cmd;C:\Program Files\nodejs\;C:\Program Files\PuTTY\;C:\Program Files\TortoiseGit\bin;C:\Users\Marius\AppData\Local\Microsoft\WindowsApps;C:\Users\Marius\AppData\Local\Programs\Microsoft VS Code\bin;C:\Users\Marius\AppData\Local\Yarn\bin;C:\Users\Marius\.dotnet\tools;C:\Users\Marius\AppData\Roaming\npm
USERNAME=Marius
OS=Windows_NT
PROCESSOR_IDENTIFIER=Intel64 Family 6 Model 158 Stepping 10, GenuineIntel



---------------  S Y S T E M  ---------------

OS: Windows 10.0 , 64 bit Build 19041 (10.0.19041.546)

CPU:total 12 (initial active 12) (6 cores per cpu, 2 threads per core) family 6 model 158 stepping 10, cmov, cx8, fxsr, mmx, sse, sse2, sse3, ssse3, sse4.1, sse4.2, popcnt, avx, avx2, aes, clmul, erms, 3dnowpref, lzcnt, ht, tsc, tscinvbit, bmi1, bmi2, adx

Memory: 4k page, physical 8258772k(367892k free), swap 20841684k(3388k free)

vm_info: OpenJDK 64-Bit Server VM (25.242-b01) for windows-amd64 JRE (1.8.0_242-release-1644-b01), built by "builder" with MS VC++ 10.0 (VS2010)

time: Sun Nov 08 17:03:36 2020
timezone: GTB Standard Time
elapsed time: 1 seconds (0d 0h 0m 1s)

