#
# There is insufficient memory for the Java Runtime Environment to continue.
# Native memory allocation (malloc) failed to allocate 2198256 bytes for Chunk::new
# Possible reasons:
#   The system is out of physical RAM or swap space
#   The process is running with CompressedOops enabled, and the Java Heap may be blocking the growth of the native heap
# Possible solutions:
#   Reduce memory load on the system
#   Increase physical memory or swap space
#   Check if swap backing store is full
#   Decrease Java heap size (-Xmx/-Xms)
#   Decrease number of Java threads
#   Decrease Java thread stack sizes (-Xss)
#   Set larger code cache with -XX:ReservedCodeCacheSize=
#   JVM is running with Unscaled Compressed Oops mode in which the Java heap is
#     placed in the first 4GB address space. The Java Heap base address is the
#     maximum limit for the native heap growth. Please use -XX:HeapBaseMinAddress
#     to set the Java Heap base and to place the Java Heap above 4GB virtual address.
# This output file may be truncated or incomplete.
#
#  Out of Memory Error (allocation.cpp:389), pid=18808, tid=0x00000000000018cc
#
# JRE version: OpenJDK Runtime Environment (8.0_242-b01) (build 1.8.0_242-release-1644-b01)
# Java VM: OpenJDK 64-Bit Server VM (25.242-b01 mixed mode windows-amd64 compressed oops)
# Failed to write core dump. Minidumps are not enabled by default on client versions of Windows
#

---------------  T H R E A D  ---------------

Current thread (0x0000000017d70800):  JavaThread "C2 CompilerThread1" daemon [_thread_in_native, id=6348, stack(0x00000000194b0000,0x00000000195b0000)]

Stack: [0x00000000194b0000,0x00000000195b0000]
[error occurred during error reporting (printing stack bounds), id 0xc0000005]

Native frames: (J=compiled Java code, j=interpreted, Vv=VM code, C=native code)


Current CompileTask:
C2:   3900 2558       4       java.net.URLClassLoader$1::run (5 bytes)


---------------  P R O C E S S  ---------------

Java Threads: ( => current thread )
  0x000000001f1d8800 JavaThread "Cache worker for file content cache (C:\Users\Marius\.gradle\caches\6.5\fileContent)" [_thread_blocked, id=9444, stack(0x00000000231b0000,0x00000000232b0000)]
  0x000000001f1d5800 JavaThread "Cache worker for execution history cache (C:\Users\Marius\.gradle\caches\6.5\executionHistory)" [_thread_blocked, id=12080, stack(0x0000000022cb0000,0x0000000022db0000)]
  0x000000001c0cc000 JavaThread "Cache worker for cache directory md-rule (C:\Users\Marius\.gradle\caches\6.5\md-rule)" [_thread_blocked, id=2684, stack(0x00000000229b0000,0x0000000022ab0000)]
  0x000000001c0c8000 JavaThread "Cache worker for cache directory md-supplier (C:\Users\Marius\.gradle\caches\6.5\md-supplier)" [_thread_blocked, id=2032, stack(0x00000000228b0000,0x00000000229b0000)]
  0x000000001c0ce800 JavaThread "Cache worker for checksums cache (C:\Users\Marius\Desktop\university5\MA\Course\ma\lectures\2\RecyclerView\.gradle\checksums)" [_thread_blocked, id=14488, stack(0x00000000227b0000,0x00000000228b0000)]
  0x000000001c0c6800 JavaThread "jar transforms Thread 20" [_thread_blocked, id=27652, stack(0x00000000224b0000,0x00000000225b0000)]
  0x000000001c0cd000 JavaThread "jar transforms Thread 19" [_thread_blocked, id=25748, stack(0x00000000223b0000,0x00000000224b0000)]
  0x000000001c0cb800 JavaThread "jar transforms Thread 18" [_thread_blocked, id=11632, stack(0x00000000222b0000,0x00000000223b0000)]
  0x000000001c0c9800 JavaThread "jar transforms Thread 17" [_thread_blocked, id=23208, stack(0x00000000221b0000,0x00000000222b0000)]
  0x000000001c0cd800 JavaThread "jar transforms Thread 16" [_thread_blocked, id=22920, stack(0x00000000220b0000,0x00000000221b0000)]
  0x000000001c0ca800 JavaThread "jar transforms Thread 15" [_thread_blocked, id=9632, stack(0x0000000021fb0000,0x00000000220b0000)]
  0x000000001c0c5000 JavaThread "jar transforms Thread 14" [_thread_blocked, id=22064, stack(0x0000000021eb0000,0x0000000021fb0000)]
  0x000000001c0c6000 JavaThread "jar transforms Thread 13" [_thread_blocked, id=22372, stack(0x0000000021db0000,0x0000000021eb0000)]
  0x000000001c0c9000 JavaThread "jar transforms Thread 12" [_thread_blocked, id=26916, stack(0x0000000021cb0000,0x0000000021db0000)]
  0x000000001c0c7800 JavaThread "jar transforms Thread 11" [_thread_blocked, id=15080, stack(0x0000000021bb0000,0x0000000021cb0000)]
  0x000000001c0c0800 JavaThread "jar transforms Thread 10" [_thread_blocked, id=26356, stack(0x0000000021ab0000,0x0000000021bb0000)]
  0x000000001c0c4800 JavaThread "jar transforms Thread 9" [_thread_blocked, id=21916, stack(0x00000000219b0000,0x0000000021ab0000)]
  0x000000001c0c0000 JavaThread "jar transforms Thread 8" [_thread_blocked, id=3316, stack(0x00000000218b0000,0x00000000219b0000)]
  0x000000001c0bf000 JavaThread "jar transforms Thread 7" [_thread_blocked, id=2852, stack(0x00000000217b0000,0x00000000218b0000)]
  0x000000001c0c2000 JavaThread "jar transforms Thread 6" [_thread_blocked, id=27856, stack(0x00000000216b0000,0x00000000217b0000)]
  0x000000001c0c3800 JavaThread "jar transforms Thread 5" [_thread_blocked, id=12412, stack(0x00000000215b0000,0x00000000216b0000)]
  0x000000001c0c3000 JavaThread "jar transforms Thread 4" [_thread_blocked, id=7068, stack(0x0000000020080000,0x0000000020180000)]
  0x000000001c0c1800 JavaThread "jar transforms Thread 3" [_thread_blocked, id=18572, stack(0x000000001ff80000,0x0000000020080000)]
  0x0000000019a57000 JavaThread "jar transforms Thread 2" [_thread_blocked, id=18628, stack(0x000000001fe80000,0x000000001ff80000)]
  0x0000000019a54000 JavaThread "jar transforms" [_thread_blocked, id=21992, stack(0x000000001fd80000,0x000000001fe80000)]
  0x0000000019a56800 JavaThread "Cache worker for file hash cache (C:\Users\Marius\Desktop\university5\MA\Course\ma\lectures\2\RecyclerView\.gradle\6.5\fileHashes)" [_thread_blocked, id=5804, stack(0x00000000211d0000,0x00000000212d0000)]
  0x0000000019a55800 JavaThread "Cache worker for file hash cache (C:\Users\Marius\.gradle\caches\6.5\fileHashes)" [_thread_blocked, id=18508, stack(0x000000001dae0000,0x000000001dbe0000)]
  0x0000000019a55000 JavaThread "File lock request listener" [_thread_in_native, id=22192, stack(0x000000001d9e0000,0x000000001dae0000)]
  0x000000001b607800 JavaThread "Cache worker for journal cache (C:\Users\Marius\.gradle\caches\journal-1)" [_thread_blocked, id=24756, stack(0x000000001d8e0000,0x000000001d9e0000)]
  0x000000001b635000 JavaThread "Thread-9" [_thread_blocked, id=7492, stack(0x000000001d5e0000,0x000000001d6e0000)]
  0x000000001a7bf000 JavaThread "Stdin handler" [_thread_blocked, id=8136, stack(0x000000001d4e0000,0x000000001d5e0000)]
  0x000000001b596800 JavaThread "Asynchronous log dispatcher for DefaultDaemonConnection: socket connection from /127.0.0.1:58247 to /127.0.0.1:58248" [_thread_blocked, id=21588, stack(0x000000001d3e0000,0x000000001d4e0000)]
  0x000000001b596000 JavaThread "Daemon worker" [_thread_in_native, id=15412, stack(0x000000001d2e0000,0x000000001d3e0000)]
  0x000000001b57c000 JavaThread "Cancel handler" [_thread_blocked, id=12916, stack(0x000000001d1e0000,0x000000001d2e0000)]
  0x000000001b17d000 JavaThread "Handler for socket connection from /127.0.0.1:58247 to /127.0.0.1:58248" [_thread_in_native, id=10728, stack(0x000000001d0e0000,0x000000001d1e0000)]
  0x000000001b56c800 JavaThread "Daemon" [_thread_blocked, id=17544, stack(0x000000001cee0000,0x000000001cfe0000)]
  0x000000001b569800 JavaThread "Daemon periodic checks" [_thread_blocked, id=24668, stack(0x000000001cbe0000,0x000000001cce0000)]
  0x000000001b56d800 JavaThread "Incoming local TCP Connector on port 58247" [_thread_in_native, id=2288, stack(0x000000001c990000,0x000000001ca90000)]
  0x000000001b444800 JavaThread "Daemon health stats" [_thread_blocked, id=22456, stack(0x000000001c350000,0x000000001c450000)]
  0x0000000017d84800 JavaThread "Service Thread" daemon [_thread_blocked, id=21900, stack(0x00000000197b0000,0x00000000198b0000)]
  0x0000000017d77800 JavaThread "C1 CompilerThread3" daemon [_thread_blocked, id=27396, stack(0x00000000196b0000,0x00000000197b0000)]
  0x0000000017d77000 JavaThread "C2 CompilerThread2" daemon [_thread_in_native, id=21972, stack(0x00000000195b0000,0x00000000196b0000)]
=>0x0000000017d70800 JavaThread "C2 CompilerThread1" daemon [_thread_in_native, id=6348, stack(0x00000000194b0000,0x00000000195b0000)]
  0x0000000017d67800 JavaThread "C2 CompilerThread0" daemon [_thread_in_native, id=24700, stack(0x00000000193b0000,0x00000000194b0000)]
  0x0000000017d66800 JavaThread "Attach Listener" daemon [_thread_blocked, id=28476, stack(0x00000000192b0000,0x00000000193b0000)]
  0x0000000017d65800 JavaThread "Signal Dispatcher" daemon [_thread_blocked, id=21496, stack(0x00000000191b0000,0x00000000192b0000)]
  0x0000000017d53000 JavaThread "Finalizer" daemon [_thread_blocked, id=26756, stack(0x0000000018fb0000,0x00000000190b0000)]
  0x000000001668c800 JavaThread "Reference Handler" daemon [_thread_blocked, id=24008, stack(0x0000000018eb0000,0x0000000018fb0000)]
  0x00000000023ee800 JavaThread "main" [_thread_blocked, id=8092, stack(0x00000000024d0000,0x00000000025d0000)]

Other Threads:
  0x0000000017d32800 VMThread [stack: 0x0000000018db0000,0x0000000018eb0000] [id=27256]
  0x0000000017d87000 WatcherThread [stack: 0x00000000198b0000,0x00000000199b0000] [id=15988]

VM state:not at safepoint (normal execution)

VM Mutex/Monitor currently owned by a thread: None

heap address: 0x00000000a0000000, size: 1536 MB, Compressed Oops mode: 32-bit
Narrow klass base: 0x0000000000000000, Narrow klass shift: 3
Compressed class space size: 1073741824 Address: 0x0000000100000000

Heap:
 PSYoungGen      total 75776K, used 17495K [0x00000000e0000000, 0x00000000e5700000, 0x0000000100000000)
  eden space 65536K, 11% used [0x00000000e0000000,0x00000000e077b458,0x00000000e4000000)
  from space 10240K, 96% used [0x00000000e4b00000,0x00000000e549a980,0x00000000e5500000)
  to   space 11264K, 0% used [0x00000000e4000000,0x00000000e4000000,0x00000000e4b00000)
 ParOldGen       total 59904K, used 9234K [0x00000000a0000000, 0x00000000a3a80000, 0x00000000e0000000)
  object space 59904K, 15% used [0x00000000a0000000,0x00000000a0904b58,0x00000000a3a80000)
 Metaspace       used 33179K, capacity 34360K, committed 34560K, reserved 1079296K
  class space    used 4497K, capacity 4785K, committed 4864K, reserved 1048576K

Card table byte_map: [0x0000000011a90000,0x0000000011da0000] byte_map_base: 0x0000000011590000

Marking Bits: (ParMarkBitMap*) 0x00000000745ff030
 Begin Bits: [0x00000000129a0000, 0x00000000141a0000)
 End Bits:   [0x00000000141a0000, 0x00000000159a0000)

Polling page: 0x0000000000bc0000

CodeCache: size=245760Kb used=10117Kb max_used=10117Kb free=235642Kb
 bounds [0x00000000026d0000, 0x00000000030c0000, 0x00000000116d0000]
 total_blobs=3356 nmethods=2665 adapters=604
 compilation: enabled

Compilation events (10 events):
Event: 3.892 Thread 0x0000000017d77800 nmethod 2665 0x00000000030a76d0 code [0x00000000030a7840, 0x00000000030a7a88]
Event: 3.893 Thread 0x0000000017d77800 2666       3       java.util.regex.Matcher::appendReplacement (571 bytes)
Event: 3.897 Thread 0x0000000017d77800 nmethod 2666 0x00000000030a7b90 code [0x00000000030a82e0, 0x00000000030adc18]
Event: 3.897 Thread 0x0000000017d77800 2671       1       org.gradle.cache.internal.btree.BlockPointer::getPos (5 bytes)
Event: 3.897 Thread 0x0000000017d77800 nmethod 2671 0x00000000030b0f10 code [0x00000000030b1060, 0x00000000030b1170]
Event: 3.897 Thread 0x0000000017d77800 2667       3       org.gradle.groovy.scripts.internal.FileCacheBackedScriptClassCompiler$BuildScriptRemapper::remap (83 bytes)
Event: 3.898 Thread 0x0000000017d77800 nmethod 2667 0x00000000030b11d0 code [0x00000000030b1420, 0x00000000030b2098]
Event: 3.898 Thread 0x0000000017d77800 2668       1       sun.util.calendar.CalendarDate::getMonth (5 bytes)
Event: 3.898 Thread 0x0000000017d77800 nmethod 2668 0x00000000030b2550 code [0x00000000030b26a0, 0x00000000030b27b0]
Event: 3.898 Thread 0x0000000017d77800 2670       3       sun.nio.fs.WindowsFileSystem::getPath (101 bytes)

GC Heap History (10 events):
Event: 2.307 GC heap before
{Heap before GC invocations=5 (full 0):
 PSYoungGen      total 38400K, used 38399K [0x00000000e0000000, 0x00000000e4b00000, 0x0000000100000000)
  eden space 33280K, 100% used [0x00000000e0000000,0x00000000e2080000,0x00000000e2080000)
  from space 5120K, 99% used [0x00000000e2580000,0x00000000e2a7fc30,0x00000000e2a80000)
  to   space 5120K, 0% used [0x00000000e2080000,0x00000000e2080000,0x00000000e2580000)
 ParOldGen       total 87552K, used 3906K [0x00000000a0000000, 0x00000000a5580000, 0x00000000e0000000)
  object space 87552K, 4% used [0x00000000a0000000,0x00000000a03d0a28,0x00000000a5580000)
 Metaspace       used 17658K, capacity 18310K, committed 18560K, reserved 1064960K
  class space    used 2419K, capacity 2639K, committed 2688K, reserved 1048576K
Event: 2.315 GC heap after
Heap after GC invocations=5 (full 0):
 PSYoungGen      total 38400K, used 5104K [0x00000000e0000000, 0x00000000e5500000, 0x0000000100000000)
  eden space 33280K, 0% used [0x00000000e0000000,0x00000000e0000000,0x00000000e2080000)
  from space 5120K, 99% used [0x00000000e2080000,0x00000000e257c010,0x00000000e2580000)
  to   space 10240K, 0% used [0x00000000e4b00000,0x00000000e4b00000,0x00000000e5500000)
 ParOldGen       total 87552K, used 6841K [0x00000000a0000000, 0x00000000a5580000, 0x00000000e0000000)
  object space 87552K, 7% used [0x00000000a0000000,0x00000000a06ae578,0x00000000a5580000)
 Metaspace       used 17658K, capacity 18310K, committed 18560K, reserved 1064960K
  class space    used 2419K, capacity 2639K, committed 2688K, reserved 1048576K
}
Event: 2.600 GC heap before
{Heap before GC invocations=6 (full 0):
 PSYoungGen      total 38400K, used 35723K [0x00000000e0000000, 0x00000000e5500000, 0x0000000100000000)
  eden space 33280K, 92% used [0x00000000e0000000,0x00000000e1de6cc0,0x00000000e2080000)
  from space 5120K, 99% used [0x00000000e2080000,0x00000000e257c010,0x00000000e2580000)
  to   space 10240K, 0% used [0x00000000e4b00000,0x00000000e4b00000,0x00000000e5500000)
 ParOldGen       total 87552K, used 6841K [0x00000000a0000000, 0x00000000a5580000, 0x00000000e0000000)
  object space 87552K, 7% used [0x00000000a0000000,0x00000000a06ae578,0x00000000a5580000)
 Metaspace       used 20494K, capacity 21158K, committed 21248K, reserved 1067008K
  class space    used 2860K, capacity 3037K, committed 3072K, reserved 1048576K
Event: 2.606 GC heap after
Heap after GC invocations=6 (full 0):
 PSYoungGen      total 75776K, used 8723K [0x00000000e0000000, 0x00000000e5700000, 0x0000000100000000)
  eden space 65536K, 0% used [0x00000000e0000000,0x00000000e0000000,0x00000000e4000000)
  from space 10240K, 85% used [0x00000000e4b00000,0x00000000e5384c68,0x00000000e5500000)
  to   space 11264K, 0% used [0x00000000e4000000,0x00000000e4000000,0x00000000e4b00000)
 ParOldGen       total 87552K, used 6849K [0x00000000a0000000, 0x00000000a5580000, 0x00000000e0000000)
  object space 87552K, 7% used [0x00000000a0000000,0x00000000a06b0578,0x00000000a5580000)
 Metaspace       used 20494K, capacity 21158K, committed 21248K, reserved 1067008K
  class space    used 2860K, capacity 3037K, committed 3072K, reserved 1048576K
}
Event: 2.606 GC heap before
{Heap before GC invocations=7 (full 1):
 PSYoungGen      total 75776K, used 8723K [0x00000000e0000000, 0x00000000e5700000, 0x0000000100000000)
  eden space 65536K, 0% used [0x00000000e0000000,0x00000000e0000000,0x00000000e4000000)
  from space 10240K, 85% used [0x00000000e4b00000,0x00000000e5384c68,0x00000000e5500000)
  to   space 11264K, 0% used [0x00000000e4000000,0x00000000e4000000,0x00000000e4b00000)
 ParOldGen       total 87552K, used 6849K [0x00000000a0000000, 0x00000000a5580000, 0x00000000e0000000)
  object space 87552K, 7% used [0x00000000a0000000,0x00000000a06b0578,0x00000000a5580000)
 Metaspace       used 20494K, capacity 21158K, committed 21248K, reserved 1067008K
  class space    used 2860K, capacity 3037K, committed 3072K, reserved 1048576K
Event: 2.632 GC heap after
Heap after GC invocations=7 (full 1):
 PSYoungGen      total 75776K, used 0K [0x00000000e0000000, 0x00000000e5700000, 0x0000000100000000)
  eden space 65536K, 0% used [0x00000000e0000000,0x00000000e0000000,0x00000000e4000000)
  from space 10240K, 0% used [0x00000000e4b00000,0x00000000e4b00000,0x00000000e5500000)
  to   space 11264K, 0% used [0x00000000e4000000,0x00000000e4000000,0x00000000e4b00000)
 ParOldGen       total 59904K, used 9218K [0x00000000a0000000, 0x00000000a3a80000, 0x00000000e0000000)
  object space 59904K, 15% used [0x00000000a0000000,0x00000000a0900b58,0x00000000a3a80000)
 Metaspace       used 20494K, capacity 21158K, committed 21248K, reserved 1067008K
  class space    used 2860K, capacity 3037K, committed 3072K, reserved 1048576K
}
Event: 3.192 GC heap before
{Heap before GC invocations=8 (full 1):
 PSYoungGen      total 75776K, used 65536K [0x00000000e0000000, 0x00000000e5700000, 0x0000000100000000)
  eden space 65536K, 100% used [0x00000000e0000000,0x00000000e4000000,0x00000000e4000000)
  from space 10240K, 0% used [0x00000000e4b00000,0x00000000e4b00000,0x00000000e5500000)
  to   space 11264K, 0% used [0x00000000e4000000,0x00000000e4000000,0x00000000e4b00000)
 ParOldGen       total 59904K, used 9218K [0x00000000a0000000, 0x00000000a3a80000, 0x00000000e0000000)
  object space 59904K, 15% used [0x00000000a0000000,0x00000000a0900b58,0x00000000a3a80000)
 Metaspace       used 24871K, capacity 25842K, committed 25984K, reserved 1071104K
  class space    used 3564K, capacity 3849K, committed 3968K, reserved 1048576K
Event: 3.197 GC heap after
Heap after GC invocations=8 (full 1):
 PSYoungGen      total 76800K, used 5989K [0x00000000e0000000, 0x00000000e5700000, 0x0000000100000000)
  eden space 65536K, 0% used [0x00000000e0000000,0x00000000e0000000,0x00000000e4000000)
  from space 11264K, 53% used [0x00000000e4000000,0x00000000e45d9628,0x00000000e4b00000)
  to   space 10240K, 0% used [0x00000000e4b00000,0x00000000e4b00000,0x00000000e5500000)
 ParOldGen       total 59904K, used 9226K [0x00000000a0000000, 0x00000000a3a80000, 0x00000000e0000000)
  object space 59904K, 15% used [0x00000000a0000000,0x00000000a0902b58,0x00000000a3a80000)
 Metaspace       used 24871K, capacity 25842K, committed 25984K, reserved 1071104K
  class space    used 3564K, capacity 3849K, committed 3968K, reserved 1048576K
}
Event: 3.841 GC heap before
{Heap before GC invocations=9 (full 1):
 PSYoungGen      total 76800K, used 71525K [0x00000000e0000000, 0x00000000e5700000, 0x0000000100000000)
  eden space 65536K, 100% used [0x00000000e0000000,0x00000000e4000000,0x00000000e4000000)
  from space 11264K, 53% used [0x00000000e4000000,0x00000000e45d9628,0x00000000e4b00000)
  to   space 10240K, 0% used [0x00000000e4b00000,0x00000000e4b00000,0x00000000e5500000)
 ParOldGen       total 59904K, used 9226K [0x00000000a0000000, 0x00000000a3a80000, 0x00000000e0000000)
  object space 59904K, 15% used [0x00000000a0000000,0x00000000a0902b58,0x00000000a3a80000)
 Metaspace       used 32893K, capacity 34040K, committed 34304K, reserved 1079296K
  class space    used 4445K, capacity 4745K, committed 4864K, reserved 1048576K
Event: 3.847 GC heap after
Heap after GC invocations=9 (full 1):
 PSYoungGen      total 75776K, used 9834K [0x00000000e0000000, 0x00000000e5700000, 0x0000000100000000)
  eden space 65536K, 0% used [0x00000000e0000000,0x00000000e0000000,0x00000000e4000000)
  from space 10240K, 96% used [0x00000000e4b00000,0x00000000e549a980,0x00000000e5500000)
  to   space 11264K, 0% used [0x00000000e4000000,0x00000000e4000000,0x00000000e4b00000)
 ParOldGen       total 59904K, used 9234K [0x00000000a0000000, 0x00000000a3a80000, 0x00000000e0000000)
  object space 59904K, 15% used [0x00000000a0000000,0x00000000a0904b58,0x00000000a3a80000)
 Metaspace       used 32893K, capacity 34040K, committed 34304K, reserved 1079296K
  class space    used 4445K, capacity 4745K, committed 4864K, reserved 1048576K
}

Deoptimization events (10 events):
Event: 2.806 Thread 0x000000001b596000 Uncommon trap: reason=unstable_if action=reinterpret pc=0x0000000002c9aca0 method=java.util.HashMap.hash(Ljava/lang/Object;)I @ 1
Event: 2.813 Thread 0x000000001b596000 Uncommon trap: reason=unstable_if action=reinterpret pc=0x0000000002991d68 method=java.util.HashMap.hash(Ljava/lang/Object;)I @ 1
Event: 2.827 Thread 0x000000001b596000 Uncommon trap: reason=unstable_if action=reinterpret pc=0x0000000002cad9bc method=jdk.internal.org.objectweb.asm.Type.getArgumentsAndReturnSizes(Ljava/lang/String;)I @ 88
Event: 2.913 Thread 0x000000001b596000 Uncommon trap: reason=unstable_if action=reinterpret pc=0x00000000029cb10c method=java.io.WinNTFileSystem.resolve(Ljava/lang/String;Ljava/lang/String;)Ljava/lang/String; @ 49
Event: 3.274 Thread 0x000000001b596000 Uncommon trap: reason=unstable_if action=reinterpret pc=0x0000000002d6facc method=java.lang.ClassLoader.getClassLoadingLock(Ljava/lang/String;)Ljava/lang/Object; @ 6
Event: 3.300 Thread 0x000000001b596000 Uncommon trap: reason=bimorphic action=maybe_recompile pc=0x0000000002d3df50 method=java.io.BufferedInputStream.read([BII)I @ 101
Event: 3.300 Thread 0x000000001b596000 Uncommon trap: reason=bimorphic action=maybe_recompile pc=0x0000000002d3df50 method=java.io.BufferedInputStream.read([BII)I @ 101
Event: 3.300 Thread 0x000000001b596000 Uncommon trap: reason=bimorphic action=maybe_recompile pc=0x0000000002d3df50 method=java.io.BufferedInputStream.read([BII)I @ 101
Event: 3.301 Thread 0x000000001b596000 Uncommon trap: reason=bimorphic action=maybe_recompile pc=0x0000000002d3df50 method=java.io.BufferedInputStream.read([BII)I @ 101
Event: 3.848 Thread 0x000000001668c800 Uncommon trap: reason=unstable_if action=reinterpret pc=0x0000000002c13e3c method=java.lang.ref.Reference.tryHandlePending(Z)Z @ 104

Classes redefined (0 events):
No events

Internal exceptions (10 events):
Event: 3.692 Thread 0x000000001b596000 Exception <a 'java/lang/ClassNotFoundException': org/gradle/api/internal/artifacts/dsl/dependencies/DefaultDependencyHandlerCustomizer> (0x00000000e2959090) thrown at [C:\src\AOSP-openjdk-git\hotspot\src\share\vm\classfile\systemDictionary.cpp, line 210]
Event: 3.694 Thread 0x000000001b596000 Exception <a 'java/lang/ClassNotFoundException': org/gradle/api/internal/artifacts/dsl/dependencies/DefaultDependencyHandler_DecoratedCustomizer> (0x00000000e29e3db8) thrown at [C:\src\AOSP-openjdk-git\hotspot\src\share\vm\classfile\systemDictionary.cpp, 
Event: 3.753 Thread 0x000000001b596000 Exception <a 'java/lang/NoSuchMethodError': java.lang.Object.lambda$static$0(Lorg/gradle/api/internal/artifacts/configurations/MutationValidator$MutationType;)V> (0x00000000e31456f8) thrown at [C:\src\AOSP-openjdk-git\hotspot\src\share\vm\interpreter\link
Event: 3.783 Thread 0x000000001b596000 Exception <a 'java/lang/NoSuchMethodError': java.lang.Object.lambda$static$0(Lorg/gradle/internal/component/model/DependencyMetadata;)Lorg/gradle/api/internal/artifacts/ivyservice/dependencysubstitution/DependencySubstitutionApplicator$SubstitutionResult;
Event: 3.814 Thread 0x000000001b596000 Exception <a 'java/lang/IncompatibleClassChangeError': Found class java.lang.Object, but interface was expected> (0x00000000e3bd6340) thrown at [C:\src\AOSP-openjdk-git\hotspot\src\share\vm\interpreter\linkResolver.cpp, line 653]
Event: 3.815 Thread 0x000000001b596000 Exception <a 'java/lang/NoSuchMethodError': java.lang.Object.lambda$thenComparing$36697e65$1(Ljava/util/Comparator;Ljava/lang/Object;Ljava/lang/Object;)I> (0x00000000e3be1c08) thrown at [C:\src\AOSP-openjdk-git\hotspot\src\share\vm\interpreter\linkResolve
Event: 3.859 Thread 0x000000001b596000 Exception <a 'java/lang/NoSuchMethodError': java.lang.Object.lambda$static$0(Lorg/gradle/api/internal/artifacts/ivyservice/resolveengine/artifact/ArtifactVisitor;)V> (0x00000000e01e6778) thrown at [C:\src\AOSP-openjdk-git\hotspot\src\share\vm\interpreter\
Event: 3.870 Thread 0x000000001b596000 Exception <a 'java/lang/NoSuchMethodError': java.lang.Object.lambda$static$0()Z> (0x00000000e0454398) thrown at [C:\src\AOSP-openjdk-git\hotspot\src\share\vm\interpreter\linkResolver.cpp, line 620]
Event: 3.896 Thread 0x000000001c0cd000 Exception <a 'sun/nio/fs/WindowsException'> (0x00000000e0779468) thrown at [C:\src\AOSP-openjdk-git\hotspot\src\share\vm\prims\jni.cpp, line 710]
Event: 3.897 Thread 0x000000001c0cd000 Exception <a 'sun/nio/fs/WindowsException'> (0x00000000e0779820) thrown at [C:\src\AOSP-openjdk-git\hotspot\src\share\vm\prims\jni.cpp, line 710]

Events (10 events):
Event: 3.885 loading class org/gradle/internal/fingerprint/FingerprintHashingStrategy$2
Event: 3.885 loading class org/gradle/internal/fingerprint/FingerprintHashingStrategy$2 done
Event: 3.886 loading class org/gradle/internal/fingerprint/impl/DefaultCurrentFileCollectionFingerprint$1
Event: 3.886 loading class org/gradle/internal/fingerprint/impl/DefaultCurrentFileCollectionFingerprint$1 done
Event: 3.897 loading class org/gradle/groovy/scripts/internal/BuildScriptData
Event: 3.898 loading class org/gradle/groovy/scripts/internal/BuildScriptData done
Event: 3.898 loading class org/gradle/groovy/scripts/ScriptRunner
Event: 3.898 loading class org/gradle/groovy/scripts/ScriptRunner done
Event: 3.898 loading class org/gradle/groovy/scripts/ScriptRunner
Event: 3.898 loading class org/gradle/groovy/scripts/ScriptRunner done


Dynamic libraries:
0x00007ff704d30000 - 0x00007ff704d61000 	C:\Users\Marius\AppData\Local\JetBrains\Toolbox\apps\AndroidStudio\ch-0\201.6858069\jre\bin\java.exe
0x00007ff88b130000 - 0x00007ff88b326000 	C:\WINDOWS\SYSTEM32\ntdll.dll
0x00007ff88a560000 - 0x00007ff88a61d000 	C:\WINDOWS\System32\KERNEL32.DLL
0x00007ff8888d0000 - 0x00007ff888b98000 	C:\WINDOWS\System32\KERNELBASE.dll
0x00007ff889200000 - 0x00007ff8892ac000 	C:\WINDOWS\System32\ADVAPI32.dll
0x00007ff88a1f0000 - 0x00007ff88a28e000 	C:\WINDOWS\System32\msvcrt.dll
0x00007ff88a150000 - 0x00007ff88a1eb000 	C:\WINDOWS\System32\sechost.dll
0x00007ff889570000 - 0x00007ff889693000 	C:\WINDOWS\System32\RPCRT4.dll
0x00007ff8893d0000 - 0x00007ff889570000 	C:\WINDOWS\System32\USER32.dll
0x00007ff889090000 - 0x00007ff8890b2000 	C:\WINDOWS\System32\win32u.dll
0x00007ff889f10000 - 0x00007ff889f3a000 	C:\WINDOWS\System32\GDI32.dll
0x00007ff888bd0000 - 0x00007ff888cd9000 	C:\WINDOWS\System32\gdi32full.dll
0x00007ff888ff0000 - 0x00007ff88908d000 	C:\WINDOWS\System32\msvcp_win.dll
0x00007ff888e40000 - 0x00007ff888f40000 	C:\WINDOWS\System32\ucrtbase.dll
0x00007ff85d620000 - 0x00007ff85d8bb000 	C:\WINDOWS\WinSxS\amd64_microsoft.windows.common-controls_6595b64144ccf1df_6.0.19041.488_none_ca04af081b815d21\COMCTL32.dll
0x00007ff88ab40000 - 0x00007ff88ab70000 	C:\WINDOWS\System32\IMM32.DLL
0x00000000733c0000 - 0x0000000073492000 	C:\Users\Marius\AppData\Local\JetBrains\Toolbox\apps\AndroidStudio\ch-0\201.6858069\jre\jre\bin\msvcr100.dll
0x0000000073e30000 - 0x000000007467b000 	C:\Users\Marius\AppData\Local\JetBrains\Toolbox\apps\AndroidStudio\ch-0\201.6858069\jre\jre\bin\server\jvm.dll
0x00007ff8892b0000 - 0x00007ff8892b8000 	C:\WINDOWS\System32\PSAPI.DLL
0x00007ff87cb10000 - 0x00007ff87cb37000 	C:\WINDOWS\SYSTEM32\WINMM.dll
0x00007ff861ea0000 - 0x00007ff861ea9000 	C:\WINDOWS\SYSTEM32\WSOCK32.dll
0x00007ff88ab70000 - 0x00007ff88abdb000 	C:\WINDOWS\System32\WS2_32.dll
0x00007ff880040000 - 0x00007ff88004a000 	C:\WINDOWS\SYSTEM32\VERSION.dll
0x00007ff882bb0000 - 0x00007ff882bbf000 	C:\Users\Marius\AppData\Local\JetBrains\Toolbox\apps\AndroidStudio\ch-0\201.6858069\jre\jre\bin\verify.dll
0x00007ff87b400000 - 0x00007ff87b429000 	C:\Users\Marius\AppData\Local\JetBrains\Toolbox\apps\AndroidStudio\ch-0\201.6858069\jre\jre\bin\java.dll
0x00007ff882ab0000 - 0x00007ff882ac6000 	C:\Users\Marius\AppData\Local\JetBrains\Toolbox\apps\AndroidStudio\ch-0\201.6858069\jre\jre\bin\zip.dll
0x00007ff8896a0000 - 0x00007ff889de1000 	C:\WINDOWS\System32\SHELL32.dll
0x00007ff8868b0000 - 0x00007ff887045000 	C:\WINDOWS\SYSTEM32\windows.storage.dll
0x00007ff88ad90000 - 0x00007ff88b0e5000 	C:\WINDOWS\System32\combase.dll
0x00007ff8882e0000 - 0x00007ff88830c000 	C:\WINDOWS\SYSTEM32\Wldp.dll
0x00007ff889df0000 - 0x00007ff889e9e000 	C:\WINDOWS\System32\SHCORE.dll
0x00007ff889ea0000 - 0x00007ff889ef5000 	C:\WINDOWS\System32\shlwapi.dll
0x00007ff8887a0000 - 0x00007ff8887c6000 	C:\WINDOWS\SYSTEM32\profapi.dll
0x00007ff882a00000 - 0x00007ff882a1a000 	C:\Users\Marius\AppData\Local\JetBrains\Toolbox\apps\AndroidStudio\ch-0\201.6858069\jre\jre\bin\net.dll
0x00007ff888060000 - 0x00007ff8880ca000 	C:\WINDOWS\system32\mswsock.dll
0x00007ff8800d0000 - 0x00007ff8800e3000 	C:\Users\Marius\AppData\Local\JetBrains\Toolbox\apps\AndroidStudio\ch-0\201.6858069\jre\jre\bin\nio.dll
0x00007ff859620000 - 0x00007ff859647000 	C:\Users\Marius\.gradle\native\f6784746aeab05261644944871eae4fe03e0ef1612fff0a4a95f87b438bc6780\windows-amd64\native-platform.dll
0x00007ff882ba0000 - 0x00007ff882bad000 	C:\Users\Marius\AppData\Local\JetBrains\Toolbox\apps\AndroidStudio\ch-0\201.6858069\jre\jre\bin\management.dll
0x00007ff888230000 - 0x00007ff888248000 	C:\WINDOWS\SYSTEM32\CRYPTSP.dll
0x00007ff887980000 - 0x00007ff8879b4000 	C:\WINDOWS\system32\rsaenh.dll
0x00007ff888ba0000 - 0x00007ff888bc7000 	C:\WINDOWS\System32\bcrypt.dll
0x00007ff888760000 - 0x00007ff88878e000 	C:\WINDOWS\SYSTEM32\USERENV.dll
0x00007ff889110000 - 0x00007ff88918f000 	C:\WINDOWS\System32\bcryptprimitives.dll
0x00007ff888250000 - 0x00007ff88825c000 	C:\WINDOWS\SYSTEM32\CRYPTBASE.dll
0x00007ff887d00000 - 0x00007ff887d3b000 	C:\WINDOWS\SYSTEM32\IPHLPAPI.DLL
0x00007ff889190000 - 0x00007ff889198000 	C:\WINDOWS\System32\NSI.dll
0x00007ff87fbe0000 - 0x00007ff87fbf7000 	C:\WINDOWS\SYSTEM32\dhcpcsvc6.DLL
0x00007ff87fba0000 - 0x00007ff87fbbd000 	C:\WINDOWS\SYSTEM32\dhcpcsvc.DLL
0x00007ff887d40000 - 0x00007ff887e0b000 	C:\WINDOWS\SYSTEM32\DNSAPI.dll
0x00007ff880030000 - 0x00007ff88003b000 	C:\WINDOWS\SYSTEM32\WINNSI.DLL

VM Arguments:
jvm_args: -Xmx1536m -Dfile.encoding=windows-1252 -Duser.country=GB -Duser.language=en -Duser.variant 
java_command: org.gradle.launcher.daemon.bootstrap.GradleDaemon 6.5
java_class_path (initial): C:\Users\Marius\.gradle\wrapper\dists\gradle-6.5-bin\6nifqtx7604sqp1q6g8wikw7p\gradle-6.5\lib\gradle-launcher-6.5.jar
Launcher Type: SUN_STANDARD

Environment Variables:
JAVA_HOME=C:\Program Files\Java\jdk-13
PATH=C:\Program Files (x86)\Common Files\Intel\Shared Libraries\redist\intel64\compiler;C:\Windows\system32;C:\Windows;C:\Windows\System32\Wbem;C:\Windows\System32\WindowsPowerShell\v1.0\;C:\Windows\System32\OpenSSH\;C:\Program Files\NVIDIA Corporation\NVIDIA NvDLISR;C:\Program Files (x86)\NVIDIA Corporation\PhysX\Common;C:\Program Files (x86)\Microsoft SQL Server\150\DTS\Binn\;C:\Program Files\Microsoft SQL Server\Client SDK\ODBC\130\Tools\Binn\;C:\Program Files (x86)\Microsoft SQL Server\140\Tools\Binn\;C:\Program Files\Microsoft SQL Server\140\Tools\Binn\;C:\Program Files\Microsoft SQL Server\140\DTS\Binn\;C:\Program Files\Java\jdk-13\bin;%GRADLE_HOME%\bin;C:\Program Files\dotnet\;C:\Program Files\Microsoft SQL Server\130\Tools\Binn\;C:\Program Files\Microsoft SQL Server\Client SDK\ODBC\170\Tools\Binn\;C:\Users\Marius\AppData\Local\Packages\PythonSoftwareFoundation.Python.3.8_qbz5n2kfra8p0\LocalCache\local-packages\Python38\Scripts;C:\Program Files (x86)\Yarn\bin\;C:\WINDOWS\system32;C:\WINDOWS;C:\WINDOWS\System32\Wbem;C:\WINDOWS\System32\WindowsPowerShell\v1.0\;C:\WINDOWS\System32\OpenSSH\;C:\Program Files (x86)\Microsoft SQL Server\150\Tools\Binn\;C:\Program Files\Microsoft SQL Server\150\Tools\Binn\;C:\Program Files\Microsoft SQL Server\150\DTS\Binn\;C:\Program Files\Git\cmd;C:\Program Files\nodejs\;C:\Program Files\PuTTY\;C:\Program Files\TortoiseGit\bin;C:\Users\Marius\AppData\Local\Microsoft\WindowsApps;C:\Users\Marius\AppData\Local\Programs\Microsoft VS Code\bin;C:\Users\Marius\AppData\Local\Yarn\bin;C:\Users\Marius\.dotnet\tools;C:\Users\Marius\AppData\Roaming\npm
USERNAME=Marius
OS=Windows_NT
PROCESSOR_IDENTIFIER=Intel64 Family 6 Model 158 Stepping 10, GenuineIntel



---------------  S Y S T E M  ---------------

OS: Windows 10.0 , 64 bit Build 19041 (10.0.19041.546)

CPU:total 12 (initial active 12) (6 cores per cpu, 2 threads per core) family 6 model 158 stepping 10, cmov, cx8, fxsr, mmx, sse, sse2, sse3, ssse3, sse4.1, sse4.2, popcnt, avx, avx2, aes, clmul, erms, 3dnowpref, lzcnt, ht, tsc, tscinvbit, bmi1, bmi2, adx

Memory: 4k page, physical 8258772k(401080k free), swap 20841684k(5540k free)

vm_info: OpenJDK 64-Bit Server VM (25.242-b01) for windows-amd64 JRE (1.8.0_242-release-1644-b01), built by "builder" with MS VC++ 10.0 (VS2010)

time: Sun Nov 08 17:05:03 2020
timezone: GTB Standard Time
elapsed time: 3 seconds (0d 0h 0m 3s)

