#
# There is insufficient memory for the Java Runtime Environment to continue.
# Native memory allocation (malloc) failed to allocate 489344 bytes for Chunk::new
# Possible reasons:
#   The system is out of physical RAM or swap space
#   The process is running with CompressedOops enabled, and the Java Heap may be blocking the growth of the native heap
# Possible solutions:
#   Reduce memory load on the system
#   Increase physical memory or swap space
#   Check if swap backing store is full
#   Decrease Java heap size (-Xmx/-Xms)
#   Decrease number of Java threads
#   Decrease Java thread stack sizes (-Xss)
#   Set larger code cache with -XX:ReservedCodeCacheSize=
#   JVM is running with Unscaled Compressed Oops mode in which the Java heap is
#     placed in the first 4GB address space. The Java Heap base address is the
#     maximum limit for the native heap growth. Please use -XX:HeapBaseMinAddress
#     to set the Java Heap base and to place the Java Heap above 4GB virtual address.
# This output file may be truncated or incomplete.
#
#  Out of Memory Error (allocation.cpp:389), pid=12152, tid=0x0000000000001ff0
#
# JRE version: OpenJDK Runtime Environment (8.0_242-b01) (build 1.8.0_242-release-1644-b01)
# Java VM: OpenJDK 64-Bit Server VM (25.242-b01 mixed mode windows-amd64 compressed oops)
# Failed to write core dump. Minidumps are not enabled by default on client versions of Windows
#

---------------  T H R E A D  ---------------

Current thread (0x000000001810d800):  JavaThread "C2 CompilerThread2" daemon [_thread_in_native, id=8176, stack(0x0000000019940000,0x0000000019a40000)]

Stack: [0x0000000019940000,0x0000000019a40000]
[error occurred during error reporting (printing stack bounds), id 0xc0000005]

Native frames: (J=compiled Java code, j=interpreted, Vv=VM code, C=native code)


Current CompileTask:
C2:   8627 5180   !   4       com.sun.beans.TypeResolver::resolve (274 bytes)


---------------  P R O C E S S  ---------------

Java Threads: ( => current thread )
  0x000000001e578000 JavaThread "jar transforms Thread 114" [_thread_blocked, id=23536, stack(0x000000002bbb0000,0x000000002bcb0000)]
  0x000000001e57d800 JavaThread "jar transforms Thread 113" [_thread_blocked, id=14664, stack(0x000000002bab0000,0x000000002bbb0000)]
  0x000000001e576000 JavaThread "jar transforms Thread 112" [_thread_blocked, id=9816, stack(0x000000002b9b0000,0x000000002bab0000)]
  0x000000001e57c800 JavaThread "jar transforms Thread 111" [_thread_blocked, id=20504, stack(0x000000002b8b0000,0x000000002b9b0000)]
  0x000000001e57c000 JavaThread "jar transforms Thread 110" [_thread_blocked, id=2260, stack(0x000000002b7b0000,0x000000002b8b0000)]
  0x000000001e575000 JavaThread "jar transforms Thread 109" [_thread_blocked, id=24408, stack(0x000000002b6b0000,0x000000002b7b0000)]
  0x000000001e57b000 JavaThread "jar transforms Thread 108" [_thread_blocked, id=14764, stack(0x000000002b5b0000,0x000000002b6b0000)]
  0x0000000019edf800 JavaThread "jar transforms Thread 107" [_thread_blocked, id=5576, stack(0x000000002b4b0000,0x000000002b5b0000)]
  0x0000000019edf000 JavaThread "jar transforms Thread 106" [_thread_blocked, id=16848, stack(0x000000002b3b0000,0x000000002b4b0000)]
  0x0000000019ede000 JavaThread "jar transforms Thread 105" [_thread_blocked, id=16012, stack(0x000000002b2b0000,0x000000002b3b0000)]
  0x0000000019edd800 JavaThread "jar transforms Thread 104" [_thread_blocked, id=21972, stack(0x000000002b1b0000,0x000000002b2b0000)]
  0x0000000019edc800 JavaThread "jar transforms Thread 103" [_thread_blocked, id=18068, stack(0x000000002b0b0000,0x000000002b1b0000)]
  0x0000000019ee0800 JavaThread "jar transforms Thread 102" [_thread_blocked, id=23036, stack(0x000000002afb0000,0x000000002b0b0000)]
  0x0000000019ee1000 JavaThread "jar transforms Thread 101" [_thread_blocked, id=472, stack(0x000000002aeb0000,0x000000002afb0000)]
  0x0000000019ed5000 JavaThread "jar transforms Thread 100" [_thread_blocked, id=26992, stack(0x000000002adb0000,0x000000002aeb0000)]
  0x0000000019edc000 JavaThread "jar transforms Thread 99" [_thread_blocked, id=2880, stack(0x000000002acb0000,0x000000002adb0000)]
  0x0000000019edb000 JavaThread "jar transforms Thread 98" [_thread_blocked, id=9088, stack(0x000000002abb0000,0x000000002acb0000)]
  0x0000000019ed3800 JavaThread "jar transforms Thread 97" [_thread_blocked, id=4328, stack(0x000000002a9b0000,0x000000002aab0000)]
  0x0000000019eda800 JavaThread "jar transforms Thread 96" [_thread_blocked, id=28004, stack(0x000000002a8b0000,0x000000002a9b0000)]
  0x0000000019ed4800 JavaThread "jar transforms Thread 95" [_thread_blocked, id=11968, stack(0x000000002a7b0000,0x000000002a8b0000)]
  0x0000000019ed7800 JavaThread "jar transforms Thread 94" [_thread_blocked, id=12408, stack(0x000000002a6b0000,0x000000002a7b0000)]
  0x0000000019ed9800 JavaThread "jar transforms Thread 93" [_thread_blocked, id=25332, stack(0x000000002a5b0000,0x000000002a6b0000)]
  0x0000000019ed8000 JavaThread "jar transforms Thread 92" [_thread_blocked, id=26112, stack(0x000000002a4b0000,0x000000002a5b0000)]
  0x0000000019ed2000 JavaThread "jar transforms Thread 91" [_thread_blocked, id=18680, stack(0x000000002a3b0000,0x000000002a4b0000)]
  0x0000000019ed9000 JavaThread "jar transforms Thread 90" [_thread_blocked, id=4348, stack(0x000000002a2b0000,0x000000002a3b0000)]
  0x0000000019ed6800 JavaThread "jar transforms Thread 89" [_thread_blocked, id=9632, stack(0x000000002a1b0000,0x000000002a2b0000)]
  0x0000000019ed3000 JavaThread "jar transforms Thread 88" [_thread_blocked, id=12752, stack(0x000000002a0b0000,0x000000002a1b0000)]
  0x0000000019ed6000 JavaThread "jar transforms Thread 87" [_thread_blocked, id=10440, stack(0x0000000029fb0000,0x000000002a0b0000)]
  0x000000001ff44800 JavaThread "jar transforms Thread 86" [_thread_blocked, id=12484, stack(0x0000000029eb0000,0x0000000029fb0000)]
  0x000000001ff3d000 JavaThread "jar transforms Thread 85" [_thread_blocked, id=23164, stack(0x0000000029db0000,0x0000000029eb0000)]
  0x000000001ff42000 JavaThread "jar transforms Thread 84" [_thread_blocked, id=26388, stack(0x0000000029cb0000,0x0000000029db0000)]
  0x000000001ff40800 JavaThread "jar transforms Thread 83" [_thread_blocked, id=21700, stack(0x0000000029bb0000,0x0000000029cb0000)]
  0x000000001ff41800 JavaThread "jar transforms Thread 82" [_thread_blocked, id=24100, stack(0x0000000029ab0000,0x0000000029bb0000)]
  0x000000001ff43800 JavaThread "jar transforms Thread 81" [_thread_blocked, id=16252, stack(0x00000000299b0000,0x0000000029ab0000)]
  0x000000001ff3d800 JavaThread "jar transforms Thread 80" [_thread_blocked, id=8740, stack(0x00000000298b0000,0x00000000299b0000)]
  0x000000001ff40000 JavaThread "jar transforms Thread 79" [_thread_blocked, id=14220, stack(0x00000000297b0000,0x00000000298b0000)]
  0x000000001ff43000 JavaThread "jar transforms Thread 78" [_thread_blocked, id=20000, stack(0x00000000296b0000,0x00000000297b0000)]
  0x000000001ff3f000 JavaThread "jar transforms Thread 77" [_thread_blocked, id=17864, stack(0x00000000295b0000,0x00000000296b0000)]
  0x000000001ff3e800 JavaThread "jar transforms Thread 76" [_thread_blocked, id=22544, stack(0x00000000294b0000,0x00000000295b0000)]
  0x000000001ff35800 JavaThread "jar transforms Thread 75" [_thread_blocked, id=20732, stack(0x00000000293b0000,0x00000000294b0000)]
  0x000000001ff3c000 JavaThread "jar transforms Thread 74" [_thread_blocked, id=15760, stack(0x00000000292b0000,0x00000000293b0000)]
  0x000000001ff37000 JavaThread "jar transforms Thread 73" [_thread_blocked, id=8276, stack(0x00000000291b0000,0x00000000292b0000)]
  0x000000001ff3b800 JavaThread "jar transforms Thread 72" [_thread_blocked, id=21936, stack(0x00000000290b0000,0x00000000291b0000)]
  0x000000001ff3a800 JavaThread "jar transforms Thread 71" [_thread_blocked, id=12464, stack(0x0000000028fb0000,0x00000000290b0000)]
  0x000000001ff3a000 JavaThread "jar transforms Thread 70" [_thread_blocked, id=23648, stack(0x0000000028eb0000,0x0000000028fb0000)]
  0x000000001ff36000 JavaThread "jar transforms Thread 69" [_thread_blocked, id=19768, stack(0x0000000028db0000,0x0000000028eb0000)]
  0x000000001ff39000 JavaThread "jar transforms Thread 68" [_thread_blocked, id=2548, stack(0x0000000028cb0000,0x0000000028db0000)]
  0x000000001ff38800 JavaThread "jar transforms Thread 67" [_thread_blocked, id=25492, stack(0x0000000028bb0000,0x0000000028cb0000)]
  0x000000001ff37800 JavaThread "jar transforms Thread 66" [_thread_blocked, id=25224, stack(0x0000000028ab0000,0x0000000028bb0000)]
  0x0000000023d1b800 JavaThread "jar transforms Thread 65" [_thread_blocked, id=8028, stack(0x00000000289b0000,0x0000000028ab0000)]
  0x0000000023d1c000 JavaThread "jar transforms Thread 64" [_thread_blocked, id=8092, stack(0x00000000288b0000,0x00000000289b0000)]
  0x0000000023d1f000 JavaThread "jar transforms Thread 63" [_thread_blocked, id=22820, stack(0x00000000287b0000,0x00000000288b0000)]
  0x0000000023d1a800 JavaThread "jar transforms Thread 62" [_thread_blocked, id=14848, stack(0x00000000286b0000,0x00000000287b0000)]
  0x0000000023d1e800 JavaThread "jar transforms Thread 61" [_thread_blocked, id=14572, stack(0x00000000285b0000,0x00000000286b0000)]
  0x0000000023d1a000 JavaThread "jar transforms Thread 60" [_thread_blocked, id=28104, stack(0x00000000284b0000,0x00000000285b0000)]
  0x0000000023d1d800 JavaThread "jar transforms Thread 59" [_thread_blocked, id=22152, stack(0x00000000283b0000,0x00000000284b0000)]
  0x0000000023d1d000 JavaThread "jar transforms Thread 58" [_thread_blocked, id=17276, stack(0x00000000282b0000,0x00000000283b0000)]
  0x0000000023d19000 JavaThread "jar transforms Thread 57" [_thread_blocked, id=4960, stack(0x00000000281b0000,0x00000000282b0000)]
  0x0000000023d18800 JavaThread "jar transforms Thread 56" [_thread_blocked, id=5552, stack(0x00000000280b0000,0x00000000281b0000)]
  0x0000000023d10800 JavaThread "jar transforms Thread 55" [_thread_blocked, id=16468, stack(0x0000000027fb0000,0x00000000280b0000)]
  0x0000000023d17800 JavaThread "jar transforms Thread 54" [_thread_blocked, id=28520, stack(0x0000000027eb0000,0x0000000027fb0000)]
  0x0000000023d16000 JavaThread "jar transforms Thread 53" [_thread_blocked, id=2852, stack(0x0000000027db0000,0x0000000027eb0000)]
  0x0000000023d13800 JavaThread "jar transforms Thread 52" [_thread_blocked, id=23844, stack(0x0000000027cb0000,0x0000000027db0000)]
  0x0000000023d13000 JavaThread "jar transforms Thread 51" [_thread_blocked, id=23560, stack(0x0000000027bb0000,0x0000000027cb0000)]
  0x0000000023d11800 JavaThread "jar transforms Thread 50" [_thread_blocked, id=21932, stack(0x0000000027ab0000,0x0000000027bb0000)]
  0x0000000023d12000 JavaThread "jar transforms Thread 49" [_thread_blocked, id=22872, stack(0x00000000279b0000,0x0000000027ab0000)]
  0x0000000023d15000 JavaThread "jar transforms Thread 48" [_thread_blocked, id=5284, stack(0x00000000278b0000,0x00000000279b0000)]
  0x0000000023d14800 JavaThread "jar transforms Thread 47" [_thread_blocked, id=5304, stack(0x00000000277b0000,0x00000000278b0000)]
  0x0000000023d10000 JavaThread "jar transforms Thread 46" [_thread_blocked, id=25088, stack(0x00000000276b0000,0x00000000277b0000)]
  0x0000000023d16800 JavaThread "jar transforms Thread 45" [_thread_blocked, id=16560, stack(0x00000000275b0000,0x00000000276b0000)]
  0x00000000214b1800 JavaThread "jar transforms Thread 44" [_thread_blocked, id=24028, stack(0x00000000274b0000,0x00000000275b0000)]
  0x00000000214af000 JavaThread "jar transforms Thread 43" [_thread_blocked, id=27144, stack(0x00000000273b0000,0x00000000274b0000)]
  0x00000000214ab800 JavaThread "jar transforms Thread 42" [_thread_blocked, id=5336, stack(0x00000000272b0000,0x00000000273b0000)]
  0x00000000214ae800 JavaThread "jar transforms Thread 41" [_thread_blocked, id=10856, stack(0x00000000271b0000,0x00000000272b0000)]
  0x00000000214b0800 JavaThread "jar transforms Thread 40" [_thread_blocked, id=12272, stack(0x00000000270b0000,0x00000000271b0000)]
  0x00000000214ac000 JavaThread "jar transforms Thread 39" [_thread_blocked, id=23660, stack(0x0000000026fb0000,0x00000000270b0000)]
  0x00000000214b2000 JavaThread "jar transforms Thread 38" [_thread_blocked, id=16868, stack(0x0000000026eb0000,0x0000000026fb0000)]
  0x00000000214b0000 JavaThread "jar transforms Thread 37" [_thread_blocked, id=24092, stack(0x0000000026db0000,0x0000000026eb0000)]
  0x00000000214aa800 JavaThread "jar transforms Thread 36" [_thread_blocked, id=14792, stack(0x0000000026cb0000,0x0000000026db0000)]
  0x00000000214ad800 JavaThread "jar transforms Thread 35" [_thread_blocked, id=8072, stack(0x0000000026bb0000,0x0000000026cb0000)]
  0x00000000214ad000 JavaThread "jar transforms Thread 34" [_thread_blocked, id=19500, stack(0x0000000026ab0000,0x0000000026bb0000)]
  0x00000000214a3800 JavaThread "jar transforms Thread 33" [_thread_blocked, id=11280, stack(0x00000000269b0000,0x0000000026ab0000)]
  0x00000000214a3000 JavaThread "jar transforms Thread 32" [_thread_blocked, id=2188, stack(0x00000000268b0000,0x00000000269b0000)]
  0x00000000214aa000 JavaThread "jar transforms Thread 31" [_thread_blocked, id=25796, stack(0x00000000267b0000,0x00000000268b0000)]
  0x00000000214a9000 JavaThread "jar transforms Thread 30" [_thread_blocked, id=20536, stack(0x00000000266b0000,0x00000000267b0000)]
  0x00000000214a8000 JavaThread "jar transforms Thread 29" [_thread_blocked, id=13212, stack(0x00000000265b0000,0x00000000266b0000)]
  0x00000000214a7800 JavaThread "jar transforms Thread 28" [_thread_blocked, id=25428, stack(0x00000000264b0000,0x00000000265b0000)]
  0x00000000214a6800 JavaThread "jar transforms Thread 27" [_thread_blocked, id=5480, stack(0x00000000263b0000,0x00000000264b0000)]
  0x00000000214a4800 JavaThread "jar transforms Thread 26" [_thread_blocked, id=5940, stack(0x00000000262b0000,0x00000000263b0000)]
  0x00000000214a5000 JavaThread "jar transforms Thread 25" [_thread_blocked, id=15984, stack(0x00000000261b0000,0x00000000262b0000)]
  0x00000000214a6000 JavaThread "jar transforms Thread 24" [_thread_blocked, id=11248, stack(0x00000000260b0000,0x00000000261b0000)]
  0x0000000020f9e800 JavaThread "jar transforms Thread 23" [_thread_blocked, id=14308, stack(0x0000000025fb0000,0x00000000260b0000)]
  0x0000000020f9d000 JavaThread "jar transforms Thread 22" [_thread_blocked, id=19364, stack(0x0000000025eb0000,0x0000000025fb0000)]
  0x0000000020f9b800 JavaThread "jar transforms Thread 21" [_thread_blocked, id=23740, stack(0x0000000025db0000,0x0000000025eb0000)]
  0x0000000020f9f800 JavaThread "Build operations Thread 12" [_thread_blocked, id=3328, stack(0x0000000025ab0000,0x0000000025bb0000)]
  0x0000000020f9b000 JavaThread "Build operations Thread 11" [_thread_blocked, id=14388, stack(0x00000000259b0000,0x0000000025ab0000)]
  0x0000000020f9a000 JavaThread "Build operations Thread 10" [_thread_blocked, id=17264, stack(0x00000000258b0000,0x00000000259b0000)]
  0x0000000020f9c800 JavaThread "Build operations Thread 9" [_thread_blocked, id=15020, stack(0x00000000257b0000,0x00000000258b0000)]
  0x0000000020f9e000 JavaThread "Build operations Thread 8" [_thread_blocked, id=18056, stack(0x00000000256b0000,0x00000000257b0000)]
  0x0000000020f93800 JavaThread "Build operations Thread 7" [_thread_blocked, id=8120, stack(0x00000000255b0000,0x00000000256b0000)]
  0x0000000020f92800 JavaThread "Build operations Thread 6" [_thread_blocked, id=28472, stack(0x0000000025230000,0x0000000025330000)]
  0x0000000020f99800 JavaThread "Build operations Thread 5" [_thread_blocked, id=22572, stack(0x0000000025130000,0x0000000025230000)]
  0x0000000020f98800 JavaThread "Build operations Thread 4" [_thread_blocked, id=14900, stack(0x0000000025030000,0x0000000025130000)]
  0x0000000020f94000 JavaThread "Build operations Thread 3" [_thread_blocked, id=27416, stack(0x0000000024f30000,0x0000000025030000)]
  0x0000000020f95800 JavaThread "Build operations Thread 2" [_thread_blocked, id=23112, stack(0x0000000024e30000,0x0000000024f30000)]
  0x0000000020f95000 JavaThread "Build operations" [_thread_blocked, id=20936, stack(0x0000000024d30000,0x0000000024e30000)]
  0x0000000020f98000 JavaThread "Cache worker for Build Output Cleanup Cache (C:\Users\Marius\Desktop\university5\MA\Course\ma\lectures\2\RecyclerView\.gradle\buildOutputCleanup)" [_thread_blocked, id=21592, stack(0x0000000023640000,0x0000000023740000)]
  0x000000001b104000 JavaThread "Cache worker for file content cache (C:\Users\Marius\.gradle\caches\6.5\fileContent)" [_thread_blocked, id=1772, stack(0x0000000023540000,0x0000000023640000)]
  0x000000001b0ff800 JavaThread "Cache worker for execution history cache (C:\Users\Marius\.gradle\caches\6.5\executionHistory)" [_thread_blocked, id=1832, stack(0x0000000023040000,0x0000000023140000)]
  0x000000001b100000 JavaThread "Cache worker for cache directory md-rule (C:\Users\Marius\.gradle\caches\6.5\md-rule)" [_thread_blocked, id=4928, stack(0x0000000022d40000,0x0000000022e40000)]
  0x000000001b0fe800 JavaThread "Cache worker for cache directory md-supplier (C:\Users\Marius\.gradle\caches\6.5\md-supplier)" [_thread_blocked, id=14096, stack(0x0000000022c40000,0x0000000022d40000)]
  0x000000001b102800 JavaThread "Cache worker for checksums cache (C:\Users\Marius\Desktop\university5\MA\Course\ma\lectures\2\RecyclerView\.gradle\checksums)" [_thread_blocked, id=9328, stack(0x0000000022b40000,0x0000000022c40000)]
  0x000000001b101800 JavaThread "jar transforms Thread 20" [_thread_blocked, id=21000, stack(0x0000000022840000,0x0000000022940000)]
  0x000000001b105800 JavaThread "jar transforms Thread 19" [_thread_blocked, id=19116, stack(0x0000000022740000,0x0000000022840000)]
  0x000000001b101000 JavaThread "jar transforms Thread 18" [_thread_blocked, id=21552, stack(0x0000000022640000,0x0000000022740000)]
  0x000000001b0fe000 JavaThread "jar transforms Thread 17" [_thread_blocked, id=4828, stack(0x0000000022540000,0x0000000022640000)]
  0x000000001b104800 JavaThread "jar transforms Thread 16" [_thread_blocked, id=7204, stack(0x0000000022440000,0x0000000022540000)]
  0x000000001b0f6800 JavaThread "jar transforms Thread 15" [_thread_blocked, id=4548, stack(0x0000000020790000,0x0000000020890000)]
  0x000000001b0fa000 JavaThread "jar transforms Thread 14" [_thread_blocked, id=28240, stack(0x0000000020410000,0x0000000020510000)]
  0x000000001b0f9800 JavaThread "jar transforms Thread 13" [_thread_blocked, id=9520, stack(0x0000000020310000,0x0000000020410000)]
  0x000000001b0fb000 JavaThread "jar transforms Thread 12" [_thread_blocked, id=4304, stack(0x0000000020210000,0x0000000020310000)]
  0x000000001b0f8800 JavaThread "jar transforms Thread 11" [_thread_blocked, id=13696, stack(0x0000000022340000,0x0000000022440000)]
  0x000000001b0fd000 JavaThread "jar transforms Thread 10" [_thread_blocked, id=9700, stack(0x0000000022240000,0x0000000022340000)]
  0x000000001b0f7000 JavaThread "jar transforms Thread 9" [_thread_blocked, id=25184, stack(0x0000000022140000,0x0000000022240000)]
  0x000000001b0fb800 JavaThread "jar transforms Thread 8" [_thread_blocked, id=6420, stack(0x0000000022040000,0x0000000022140000)]
  0x000000001b0f8000 JavaThread "jar transforms Thread 7" [_thread_blocked, id=21380, stack(0x0000000021f40000,0x0000000022040000)]
  0x000000001b0fc800 JavaThread "jar transforms Thread 6" [_thread_blocked, id=5764, stack(0x0000000021e40000,0x0000000021f40000)]
  0x000000001810f000 JavaThread "jar transforms Thread 5" [_thread_blocked, id=27652, stack(0x0000000021d40000,0x0000000021e40000)]
  0x000000001810c800 JavaThread "jar transforms Thread 4" [_thread_blocked, id=23876, stack(0x0000000021c40000,0x0000000021d40000)]
  0x000000001810c000 JavaThread "jar transforms Thread 3" [_thread_blocked, id=13460, stack(0x0000000021b40000,0x0000000021c40000)]
  0x000000001810f800 JavaThread "jar transforms Thread 2" [_thread_blocked, id=18824, stack(0x0000000021a40000,0x0000000021b40000)]
  0x000000001810b000 JavaThread "jar transforms" [_thread_blocked, id=26476, stack(0x0000000021940000,0x0000000021a40000)]
  0x0000000018109800 JavaThread "Cache worker for file hash cache (C:\Users\Marius\Desktop\university5\MA\Course\ma\lectures\2\RecyclerView\.gradle\6.5\fileHashes)" [_thread_blocked, id=10536, stack(0x0000000020110000,0x0000000020210000)]
  0x000000001810e000 JavaThread "Cache worker for file hash cache (C:\Users\Marius\.gradle\caches\6.5\fileHashes)" [_thread_blocked, id=15380, stack(0x000000001de70000,0x000000001df70000)]
  0x000000001810a800 JavaThread "File lock request listener" [_thread_in_native, id=652, stack(0x000000001dd70000,0x000000001de70000)]
  0x000000001bb26800 JavaThread "Cache worker for journal cache (C:\Users\Marius\.gradle\caches\journal-1)" [_thread_blocked, id=24224, stack(0x000000001dc70000,0x000000001dd70000)]
  0x000000001ba90000 JavaThread "Thread-9" [_thread_blocked, id=18924, stack(0x000000001d970000,0x000000001da70000)]
  0x000000001ba8f800 JavaThread "Stdin handler" [_thread_blocked, id=11380, stack(0x000000001d870000,0x000000001d970000)]
  0x000000001b8ea800 JavaThread "Asynchronous log dispatcher for DefaultDaemonConnection: socket connection from /127.0.0.1:63192 to /127.0.0.1:63193" [_thread_blocked, id=11148, stack(0x000000001d770000,0x000000001d870000)]
  0x000000001b8e9800 JavaThread "Daemon worker" [_thread_in_vm, id=6912, stack(0x000000001d670000,0x000000001d770000)]
  0x000000001ba88800 JavaThread "Cancel handler" [_thread_blocked, id=27136, stack(0x000000001d570000,0x000000001d670000)]
  0x000000001b94e800 JavaThread "Handler for socket connection from /127.0.0.1:63192 to /127.0.0.1:63193" [_thread_in_native, id=15452, stack(0x000000001d270000,0x000000001d370000)]
  0x000000001b9b1800 JavaThread "Daemon" [_thread_blocked, id=25236, stack(0x000000001d070000,0x000000001d170000)]
  0x000000001b94c800 JavaThread "Daemon periodic checks" [_thread_blocked, id=21924, stack(0x000000001cf70000,0x000000001d070000)]
  0x000000001ba3f000 JavaThread "Incoming local TCP Connector on port 63192" [_thread_in_native, id=12116, stack(0x000000001cd20000,0x000000001ce20000)]
  0x0000000019e4b800 JavaThread "Daemon health stats" [_thread_blocked, id=21888, stack(0x000000001c6e0000,0x000000001c7e0000)]
  0x000000001818f000 JavaThread "Service Thread" daemon [_thread_blocked, id=2928, stack(0x0000000019b40000,0x0000000019c40000)]
  0x0000000018109000 JavaThread "C1 CompilerThread3" daemon [_thread_blocked, id=21632, stack(0x0000000019a40000,0x0000000019b40000)]
=>0x000000001810d800 JavaThread "C2 CompilerThread2" daemon [_thread_in_native, id=8176, stack(0x0000000019940000,0x0000000019a40000)]
  0x0000000018103000 JavaThread "C2 CompilerThread1" daemon [_thread_in_native, id=24416, stack(0x0000000019840000,0x0000000019940000)]
  0x00000000180fc800 JavaThread "C2 CompilerThread0" daemon [_thread_in_native, id=19276, stack(0x0000000019740000,0x0000000019840000)]
  0x00000000180f7800 JavaThread "Attach Listener" daemon [_thread_blocked, id=25148, stack(0x0000000019640000,0x0000000019740000)]
  0x0000000016a2e800 JavaThread "Signal Dispatcher" daemon [_thread_blocked, id=11888, stack(0x0000000019540000,0x0000000019640000)]
  0x0000000002a5c000 JavaThread "Finalizer" daemon [_thread_blocked, id=28644, stack(0x0000000019340000,0x0000000019440000)]
  0x0000000016a1c800 JavaThread "Reference Handler" daemon [_thread_blocked, id=13740, stack(0x0000000019240000,0x0000000019340000)]
  0x00000000028ee800 JavaThread "main" [_thread_blocked, id=28180, stack(0x00000000027b0000,0x00000000028b0000)]

Other Threads:
  0x00000000180c2800 VMThread [stack: 0x0000000019140000,0x0000000019240000] [id=26796]
  0x0000000018190000 WatcherThread [stack: 0x0000000019c40000,0x0000000019d40000] [id=5088]

VM state:not at safepoint (normal execution)

VM Mutex/Monitor currently owned by a thread: None

heap address: 0x00000000a0000000, size: 1536 MB, Compressed Oops mode: 32-bit
Narrow klass base: 0x0000000000000000, Narrow klass shift: 3
Compressed class space size: 1073741824 Address: 0x0000000100000000

Heap:
 PSYoungGen      total 138240K, used 89730K [0x00000000e0000000, 0x00000000e8c00000, 0x0000000100000000)
  eden space 133120K, 63% used [0x00000000e0000000,0x00000000e52a8aa8,0x00000000e8200000)
  from space 5120K, 99% used [0x00000000e8200000,0x00000000e86f8030,0x00000000e8700000)
  to   space 5120K, 0% used [0x00000000e8700000,0x00000000e8700000,0x00000000e8c00000)
 ParOldGen       total 68096K, used 35474K [0x00000000a0000000, 0x00000000a4280000, 0x00000000e0000000)
  object space 68096K, 52% used [0x00000000a0000000,0x00000000a22a4aa8,0x00000000a4280000)
 Metaspace       used 55671K, capacity 58086K, committed 58328K, reserved 1099776K
  class space    used 7432K, capacity 7924K, committed 7936K, reserved 1048576K

Card table byte_map: [0x0000000011e20000,0x0000000012130000] byte_map_base: 0x0000000011920000

Marking Bits: (ParMarkBitMap*) 0x00000000745ff030
 Begin Bits: [0x0000000012d30000, 0x0000000014530000)
 End Bits:   [0x0000000014530000, 0x0000000015d30000)

Polling page: 0x0000000000fb0000

CodeCache: size=245760Kb used=17041Kb max_used=17052Kb free=228718Kb
 bounds [0x0000000002a60000, 0x0000000003b20000, 0x0000000011a60000]
 total_blobs=5636 nmethods=4869 adapters=680
 compilation: enabled

Compilation events (10 events):
Event: 8.608 Thread 0x0000000018109000 5271       3       java.lang.invoke.LambdaForm$BMH/944063154::reinvoke (89 bytes)
Event: 8.608 Thread 0x0000000018109000 nmethod 5271 0x0000000003b0b850 code [0x0000000003b0bae0, 0x0000000003b0cfc8]
Event: 8.609 Thread 0x0000000018103000 5272   !   4       java.lang.invoke.MemberName::getMethodType (208 bytes)
Event: 8.612 Thread 0x0000000018103000 nmethod 5272 0x0000000003b0add0 code [0x0000000003b0af60, 0x0000000003b0b468]
Event: 8.625 Thread 0x0000000018109000 5273       3       java.lang.invoke.MethodHandleNatives::linkCallSiteImpl (44 bytes)
Event: 8.625 Thread 0x0000000018109000 nmethod 5273 0x0000000003b10190 code [0x0000000003b10360, 0x0000000003b10ad8]
Event: 8.625 Thread 0x0000000018109000 5274       3       org.gradle.api.internal.tasks.DefaultTaskContainer_Decorated::getMutationGuard (39 bytes)
Event: 8.625 Thread 0x0000000018109000 nmethod 5274 0x0000000003b0f250 code [0x0000000003b0f440, 0x0000000003b0fde8]
Event: 8.625 Thread 0x0000000018109000 5275       1       jdk.internal.org.objectweb.asm.MethodWriter::visitEnd (1 bytes)
Event: 8.625 Thread 0x0000000018109000 nmethod 5275 0x0000000003b0ef90 code [0x0000000003b0f0e0, 0x0000000003b0f1f0]

GC Heap History (10 events):
Event: 4.874 GC heap before
{Heap before GC invocations=7 (full 1):
 PSYoungGen      total 138240K, used 133120K [0x00000000e0000000, 0x00000000e8c00000, 0x0000000100000000)
  eden space 133120K, 100% used [0x00000000e0000000,0x00000000e8200000,0x00000000e8200000)
  from space 5120K, 0% used [0x00000000e8200000,0x00000000e8200000,0x00000000e8700000)
  to   space 5120K, 0% used [0x00000000e8700000,0x00000000e8700000,0x00000000e8c00000)
 ParOldGen       total 51200K, used 8126K [0x00000000a0000000, 0x00000000a3200000, 0x00000000e0000000)
  object space 51200K, 15% used [0x00000000a0000000,0x00000000a07ef9b0,0x00000000a3200000)
 Metaspace       used 32502K, capacity 33638K, committed 33920K, reserved 1079296K
  class space    used 4385K, capacity 4660K, committed 4736K, reserved 1048576K
Event: 4.885 GC heap after
Heap after GC invocations=7 (full 1):
 PSYoungGen      total 138240K, used 5120K [0x00000000e0000000, 0x00000000e8c00000, 0x0000000100000000)
  eden space 133120K, 0% used [0x00000000e0000000,0x00000000e0000000,0x00000000e8200000)
  from space 5120K, 100% used [0x00000000e8700000,0x00000000e8c00000,0x00000000e8c00000)
  to   space 5120K, 0% used [0x00000000e8200000,0x00000000e8200000,0x00000000e8700000)
 ParOldGen       total 51200K, used 15915K [0x00000000a0000000, 0x00000000a3200000, 0x00000000e0000000)
  object space 51200K, 31% used [0x00000000a0000000,0x00000000a0f8af10,0x00000000a3200000)
 Metaspace       used 32502K, capacity 33638K, committed 33920K, reserved 1079296K
  class space    used 4385K, capacity 4660K, committed 4736K, reserved 1048576K
}
Event: 5.311 GC heap before
{Heap before GC invocations=8 (full 1):
 PSYoungGen      total 138240K, used 42564K [0x00000000e0000000, 0x00000000e8c00000, 0x0000000100000000)
  eden space 133120K, 28% used [0x00000000e0000000,0x00000000e2491090,0x00000000e8200000)
  from space 5120K, 100% used [0x00000000e8700000,0x00000000e8c00000,0x00000000e8c00000)
  to   space 5120K, 0% used [0x00000000e8200000,0x00000000e8200000,0x00000000e8700000)
 ParOldGen       total 51200K, used 15915K [0x00000000a0000000, 0x00000000a3200000, 0x00000000e0000000)
  object space 51200K, 31% used [0x00000000a0000000,0x00000000a0f8af10,0x00000000a3200000)
 Metaspace       used 33998K, capacity 35250K, committed 35416K, reserved 1079296K
  class space    used 4585K, capacity 4880K, committed 4992K, reserved 1048576K
Event: 5.320 GC heap after
Heap after GC invocations=8 (full 1):
 PSYoungGen      total 138240K, used 5120K [0x00000000e0000000, 0x00000000e8c00000, 0x0000000100000000)
  eden space 133120K, 0% used [0x00000000e0000000,0x00000000e0000000,0x00000000e8200000)
  from space 5120K, 100% used [0x00000000e8200000,0x00000000e8700000,0x00000000e8700000)
  to   space 5120K, 0% used [0x00000000e8700000,0x00000000e8700000,0x00000000e8c00000)
 ParOldGen       total 51200K, used 18659K [0x00000000a0000000, 0x00000000a3200000, 0x00000000e0000000)
  object space 51200K, 36% used [0x00000000a0000000,0x00000000a1238c88,0x00000000a3200000)
 Metaspace       used 33998K, capacity 35250K, committed 35416K, reserved 1079296K
  class space    used 4585K, capacity 4880K, committed 4992K, reserved 1048576K
}
Event: 5.320 GC heap before
{Heap before GC invocations=9 (full 2):
 PSYoungGen      total 138240K, used 5120K [0x00000000e0000000, 0x00000000e8c00000, 0x0000000100000000)
  eden space 133120K, 0% used [0x00000000e0000000,0x00000000e0000000,0x00000000e8200000)
  from space 5120K, 100% used [0x00000000e8200000,0x00000000e8700000,0x00000000e8700000)
  to   space 5120K, 0% used [0x00000000e8700000,0x00000000e8700000,0x00000000e8c00000)
 ParOldGen       total 51200K, used 18659K [0x00000000a0000000, 0x00000000a3200000, 0x00000000e0000000)
  object space 51200K, 36% used [0x00000000a0000000,0x00000000a1238c88,0x00000000a3200000)
 Metaspace       used 33998K, capacity 35250K, committed 35416K, reserved 1079296K
  class space    used 4585K, capacity 4880K, committed 4992K, reserved 1048576K
Event: 5.388 GC heap after
Heap after GC invocations=9 (full 2):
 PSYoungGen      total 138240K, used 0K [0x00000000e0000000, 0x00000000e8c00000, 0x0000000100000000)
  eden space 133120K, 0% used [0x00000000e0000000,0x00000000e0000000,0x00000000e8200000)
  from space 5120K, 0% used [0x00000000e8200000,0x00000000e8200000,0x00000000e8700000)
  to   space 5120K, 0% used [0x00000000e8700000,0x00000000e8700000,0x00000000e8c00000)
 ParOldGen       total 68096K, used 16209K [0x00000000a0000000, 0x00000000a4280000, 0x00000000e0000000)
  object space 68096K, 23% used [0x00000000a0000000,0x00000000a0fd44b0,0x00000000a4280000)
 Metaspace       used 33998K, capacity 35250K, committed 35416K, reserved 1079296K
  class space    used 4585K, capacity 4880K, committed 4992K, reserved 1048576K
}
Event: 6.454 GC heap before
{Heap before GC invocations=10 (full 2):
 PSYoungGen      total 138240K, used 133120K [0x00000000e0000000, 0x00000000e8c00000, 0x0000000100000000)
  eden space 133120K, 100% used [0x00000000e0000000,0x00000000e8200000,0x00000000e8200000)
  from space 5120K, 0% used [0x00000000e8200000,0x00000000e8200000,0x00000000e8700000)
  to   space 5120K, 0% used [0x00000000e8700000,0x00000000e8700000,0x00000000e8c00000)
 ParOldGen       total 68096K, used 16209K [0x00000000a0000000, 0x00000000a4280000, 0x00000000e0000000)
  object space 68096K, 23% used [0x00000000a0000000,0x00000000a0fd44b0,0x00000000a4280000)
 Metaspace       used 38702K, capacity 40620K, committed 40792K, reserved 1085440K
  class space    used 5321K, capacity 5725K, committed 5760K, reserved 1048576K
Event: 6.462 GC heap after
Heap after GC invocations=10 (full 2):
 PSYoungGen      total 138240K, used 5088K [0x00000000e0000000, 0x00000000e8c00000, 0x0000000100000000)
  eden space 133120K, 0% used [0x00000000e0000000,0x00000000e0000000,0x00000000e8200000)
  from space 5120K, 99% used [0x00000000e8700000,0x00000000e8bf8040,0x00000000e8c00000)
  to   space 5120K, 0% used [0x00000000e8200000,0x00000000e8200000,0x00000000e8700000)
 ParOldGen       total 68096K, used 20361K [0x00000000a0000000, 0x00000000a4280000, 0x00000000e0000000)
  object space 68096K, 29% used [0x00000000a0000000,0x00000000a13e27b8,0x00000000a4280000)
 Metaspace       used 38702K, capacity 40620K, committed 40792K, reserved 1085440K
  class space    used 5321K, capacity 5725K, committed 5760K, reserved 1048576K
}
Event: 7.807 GC heap before
{Heap before GC invocations=11 (full 2):
 PSYoungGen      total 138240K, used 137291K [0x00000000e0000000, 0x00000000e8c00000, 0x0000000100000000)
  eden space 133120K, 99% used [0x00000000e0000000,0x00000000e811ae70,0x00000000e8200000)
  from space 5120K, 99% used [0x00000000e8700000,0x00000000e8bf8040,0x00000000e8c00000)
  to   space 5120K, 0% used [0x00000000e8200000,0x00000000e8200000,0x00000000e8700000)
 ParOldGen       total 68096K, used 20361K [0x00000000a0000000, 0x00000000a4280000, 0x00000000e0000000)
  object space 68096K, 29% used [0x00000000a0000000,0x00000000a13e27b8,0x00000000a4280000)
 Metaspace       used 49509K, capacity 51796K, committed 51928K, reserved 1093632K
  class space    used 6674K, capacity 7128K, committed 7168K, reserved 1048576K
Event: 7.819 GC heap after
Heap after GC invocations=11 (full 2):
 PSYoungGen      total 138240K, used 5088K [0x00000000e0000000, 0x00000000e8c00000, 0x0000000100000000)
  eden space 133120K, 0% used [0x00000000e0000000,0x00000000e0000000,0x00000000e8200000)
  from space 5120K, 99% used [0x00000000e8200000,0x00000000e86f8030,0x00000000e8700000)
  to   space 5120K, 0% used [0x00000000e8700000,0x00000000e8700000,0x00000000e8c00000)
 ParOldGen       total 68096K, used 35474K [0x00000000a0000000, 0x00000000a4280000, 0x00000000e0000000)
  object space 68096K, 52% used [0x00000000a0000000,0x00000000a22a4aa8,0x00000000a4280000)
 Metaspace       used 49509K, capacity 51796K, committed 51928K, reserved 1093632K
  class space    used 6674K, capacity 7128K, committed 7168K, reserved 1048576K
}

Deoptimization events (10 events):
Event: 8.133 Thread 0x000000001b8e9800 Uncommon trap: reason=bimorphic action=maybe_recompile pc=0x0000000002b87b2c method=java.util.Hashtable.get(Ljava/lang/Object;)Ljava/lang/Object; @ 6
Event: 8.133 Thread 0x000000001b8e9800 Uncommon trap: reason=bimorphic action=maybe_recompile pc=0x0000000002b87b2c method=java.util.Hashtable.get(Ljava/lang/Object;)Ljava/lang/Object; @ 6
Event: 8.133 Thread 0x000000001b8e9800 Uncommon trap: reason=bimorphic action=maybe_recompile pc=0x0000000002b87b2c method=java.util.Hashtable.get(Ljava/lang/Object;)Ljava/lang/Object; @ 6
Event: 8.133 Thread 0x000000001b8e9800 Uncommon trap: reason=bimorphic action=maybe_recompile pc=0x0000000002b87b2c method=java.util.Hashtable.get(Ljava/lang/Object;)Ljava/lang/Object; @ 6
Event: 8.146 Thread 0x000000001b8e9800 Uncommon trap: reason=unstable_if action=reinterpret pc=0x0000000002c2b8a4 method=java.lang.String.replace(CC)Ljava/lang/String; @ 2
Event: 8.149 Thread 0x000000001b8e9800 Uncommon trap: reason=unstable_if action=reinterpret pc=0x0000000003859d88 method=org.codehaus.groovy.runtime.metaclass.MetaMethodIndex.copyNonPrivateNonNewMetaMethods(Lorg/codehaus/groovy/runtime/metaclass/MetaMethodIndex$Entry;Lorg/codehaus/groovy/runti
Event: 8.150 Thread 0x000000001b8e9800 Uncommon trap: reason=unstable_if action=reinterpret pc=0x000000000386ac78 method=groovy.lang.MetaClassImpl$1MOPIter.methodNameAction(Ljava/lang/Class;Lorg/codehaus/groovy/runtime/metaclass/MetaMethodIndex$Entry;)V @ 182
Event: 8.226 Thread 0x000000001b8e9800 Uncommon trap: reason=unstable_if action=reinterpret pc=0x0000000002e284a4 method=java.lang.String.lastIndexOf([CII[CIII)I @ 17
Event: 8.337 Thread 0x000000001b8e9800 Uncommon trap: reason=null_check action=make_not_entrant pc=0x0000000003285ba0 method=java.lang.Class.searchMethods([Ljava/lang/reflect/Method;Ljava/lang/String;[Ljava/lang/Class;)Ljava/lang/reflect/Method; @ 59
Event: 8.377 Thread 0x000000001b8e9800 Uncommon trap: reason=unstable_if action=reinterpret pc=0x0000000003a0a778 method=groovy.lang.MetaClassImpl.filterPropertyMethod(Ljava/lang/Object;ZZ)Ljava/lang/Object; @ 72

Classes redefined (0 events):
No events

Internal exceptions (10 events):
Event: 8.380 Thread 0x000000001b8e9800 Exception <a 'java/lang/ClassNotFoundException': build_a89ndllq4vh37pf8tunu90q42$_run_closure1BeanInfo> (0x00000000e3eead10) thrown at [C:\src\AOSP-openjdk-git\hotspot\src\share\vm\classfile\systemDictionary.cpp, line 210]
Event: 8.381 Thread 0x000000001b8e9800 Exception <a 'java/lang/ClassNotFoundException': build_a89ndllq4vh37pf8tunu90q42$_run_closure1Customizer> (0x00000000e3efdee8) thrown at [C:\src\AOSP-openjdk-git\hotspot\src\share\vm\classfile\systemDictionary.cpp, line 210]
Event: 8.393 Thread 0x000000001b8e9800 Exception <a 'java/lang/ClassNotFoundException': org/gradle/api/internal/file/collections/DefaultConfigurableFileTreeBeanInfo> (0x00000000e4087018) thrown at [C:\src\AOSP-openjdk-git\hotspot\src\share\vm\classfile\systemDictionary.cpp, line 210]
Event: 8.394 Thread 0x000000001b8e9800 Exception <a 'java/lang/ClassNotFoundException': org/gradle/api/internal/file/CompositeFileTreeBeanInfo> (0x00000000e40c2740) thrown at [C:\src\AOSP-openjdk-git\hotspot\src\share\vm\classfile\systemDictionary.cpp, line 210]
Event: 8.395 Thread 0x000000001b8e9800 Exception <a 'java/lang/ClassNotFoundException': org/gradle/api/internal/file/CompositeFileCollectionBeanInfo> (0x00000000e4102860) thrown at [C:\src\AOSP-openjdk-git\hotspot\src\share\vm\classfile\systemDictionary.cpp, line 210]
Event: 8.396 Thread 0x000000001b8e9800 Exception <a 'java/lang/ClassNotFoundException': org/gradle/api/internal/file/AbstractFileCollectionBeanInfo> (0x00000000e41428f0) thrown at [C:\src\AOSP-openjdk-git\hotspot\src\share\vm\classfile\systemDictionary.cpp, line 210]
Event: 8.397 Thread 0x000000001b8e9800 Exception <a 'java/lang/ClassNotFoundException': org/gradle/api/internal/file/AbstractFileCollectionCustomizer> (0x00000000e4183880) thrown at [C:\src\AOSP-openjdk-git\hotspot\src\share\vm\classfile\systemDictionary.cpp, line 210]
Event: 8.399 Thread 0x000000001b8e9800 Exception <a 'java/lang/ClassNotFoundException': org/gradle/api/internal/file/CompositeFileCollectionCustomizer> (0x00000000e41d5c40) thrown at [C:\src\AOSP-openjdk-git\hotspot\src\share\vm\classfile\systemDictionary.cpp, line 210]
Event: 8.400 Thread 0x000000001b8e9800 Exception <a 'java/lang/ClassNotFoundException': org/gradle/api/internal/file/CompositeFileTreeCustomizer> (0x00000000e421f1a8) thrown at [C:\src\AOSP-openjdk-git\hotspot\src\share\vm\classfile\systemDictionary.cpp, line 210]
Event: 8.402 Thread 0x000000001b8e9800 Exception <a 'java/lang/ClassNotFoundException': org/gradle/api/internal/file/collections/DefaultConfigurableFileTreeCustomizer> (0x00000000e4277eb8) thrown at [C:\src\AOSP-openjdk-git\hotspot\src\share\vm\classfile\systemDictionary.cpp, line 210]

Events (10 events):
Event: 8.625 loading class org/gradle/api/Task
Event: 8.625 loading class org/gradle/api/Task done
Event: 8.625 loading class org/gradle/api/Action
Event: 8.625 loading class org/gradle/api/Action done
Event: 8.625 loading class org/gradle/api/tasks/TaskProvider
Event: 8.625 loading class org/gradle/api/tasks/TaskProvider done
Event: 8.625 loading class org/gradle/api/tasks/TaskProvider
Event: 8.625 loading class org/gradle/api/tasks/TaskProvider done
Event: 8.625 loading class org/gradle/api/Task
Event: 8.625 loading class org/gradle/api/Task done


Dynamic libraries:
0x00007ff704d30000 - 0x00007ff704d61000 	C:\Users\Marius\AppData\Local\JetBrains\Toolbox\apps\AndroidStudio\ch-0\201.6858069\jre\bin\java.exe
0x00007ff88b130000 - 0x00007ff88b326000 	C:\WINDOWS\SYSTEM32\ntdll.dll
0x00007ff88a560000 - 0x00007ff88a61d000 	C:\WINDOWS\System32\KERNEL32.DLL
0x00007ff8888d0000 - 0x00007ff888b98000 	C:\WINDOWS\System32\KERNELBASE.dll
0x00007ff889200000 - 0x00007ff8892ac000 	C:\WINDOWS\System32\ADVAPI32.dll
0x00007ff88a1f0000 - 0x00007ff88a28e000 	C:\WINDOWS\System32\msvcrt.dll
0x00007ff88a150000 - 0x00007ff88a1eb000 	C:\WINDOWS\System32\sechost.dll
0x00007ff889570000 - 0x00007ff889693000 	C:\WINDOWS\System32\RPCRT4.dll
0x00007ff8893d0000 - 0x00007ff889570000 	C:\WINDOWS\System32\USER32.dll
0x00007ff889090000 - 0x00007ff8890b2000 	C:\WINDOWS\System32\win32u.dll
0x00007ff889f10000 - 0x00007ff889f3a000 	C:\WINDOWS\System32\GDI32.dll
0x00007ff888bd0000 - 0x00007ff888cd9000 	C:\WINDOWS\System32\gdi32full.dll
0x00007ff888ff0000 - 0x00007ff88908d000 	C:\WINDOWS\System32\msvcp_win.dll
0x00007ff888e40000 - 0x00007ff888f40000 	C:\WINDOWS\System32\ucrtbase.dll
0x00007ff85d620000 - 0x00007ff85d8bb000 	C:\WINDOWS\WinSxS\amd64_microsoft.windows.common-controls_6595b64144ccf1df_6.0.19041.488_none_ca04af081b815d21\COMCTL32.dll
0x00007ff88ab40000 - 0x00007ff88ab70000 	C:\WINDOWS\System32\IMM32.DLL
0x00000000733c0000 - 0x0000000073492000 	C:\Users\Marius\AppData\Local\JetBrains\Toolbox\apps\AndroidStudio\ch-0\201.6858069\jre\jre\bin\msvcr100.dll
0x0000000073e30000 - 0x000000007467b000 	C:\Users\Marius\AppData\Local\JetBrains\Toolbox\apps\AndroidStudio\ch-0\201.6858069\jre\jre\bin\server\jvm.dll
0x00007ff8892b0000 - 0x00007ff8892b8000 	C:\WINDOWS\System32\PSAPI.DLL
0x00007ff87cb10000 - 0x00007ff87cb37000 	C:\WINDOWS\SYSTEM32\WINMM.dll
0x00007ff880040000 - 0x00007ff88004a000 	C:\WINDOWS\SYSTEM32\VERSION.dll
0x00007ff861ea0000 - 0x00007ff861ea9000 	C:\WINDOWS\SYSTEM32\WSOCK32.dll
0x00007ff88ab70000 - 0x00007ff88abdb000 	C:\WINDOWS\System32\WS2_32.dll
0x00007ff882bb0000 - 0x00007ff882bbf000 	C:\Users\Marius\AppData\Local\JetBrains\Toolbox\apps\AndroidStudio\ch-0\201.6858069\jre\jre\bin\verify.dll
0x00007ff87b400000 - 0x00007ff87b429000 	C:\Users\Marius\AppData\Local\JetBrains\Toolbox\apps\AndroidStudio\ch-0\201.6858069\jre\jre\bin\java.dll
0x00007ff882ab0000 - 0x00007ff882ac6000 	C:\Users\Marius\AppData\Local\JetBrains\Toolbox\apps\AndroidStudio\ch-0\201.6858069\jre\jre\bin\zip.dll
0x00007ff8896a0000 - 0x00007ff889de1000 	C:\WINDOWS\System32\SHELL32.dll
0x00007ff8868b0000 - 0x00007ff887045000 	C:\WINDOWS\SYSTEM32\windows.storage.dll
0x00007ff88ad90000 - 0x00007ff88b0e5000 	C:\WINDOWS\System32\combase.dll
0x00007ff8882e0000 - 0x00007ff88830c000 	C:\WINDOWS\SYSTEM32\Wldp.dll
0x00007ff889df0000 - 0x00007ff889e9e000 	C:\WINDOWS\System32\SHCORE.dll
0x00007ff889ea0000 - 0x00007ff889ef5000 	C:\WINDOWS\System32\shlwapi.dll
0x00007ff8887a0000 - 0x00007ff8887c6000 	C:\WINDOWS\SYSTEM32\profapi.dll
0x00007ff882a00000 - 0x00007ff882a1a000 	C:\Users\Marius\AppData\Local\JetBrains\Toolbox\apps\AndroidStudio\ch-0\201.6858069\jre\jre\bin\net.dll
0x00007ff888060000 - 0x00007ff8880ca000 	C:\WINDOWS\system32\mswsock.dll
0x00007ff8800d0000 - 0x00007ff8800e3000 	C:\Users\Marius\AppData\Local\JetBrains\Toolbox\apps\AndroidStudio\ch-0\201.6858069\jre\jre\bin\nio.dll
0x00007ff859620000 - 0x00007ff859647000 	C:\Users\Marius\.gradle\native\f6784746aeab05261644944871eae4fe03e0ef1612fff0a4a95f87b438bc6780\windows-amd64\native-platform.dll
0x00007ff882ba0000 - 0x00007ff882bad000 	C:\Users\Marius\AppData\Local\JetBrains\Toolbox\apps\AndroidStudio\ch-0\201.6858069\jre\jre\bin\management.dll
0x00007ff888230000 - 0x00007ff888248000 	C:\WINDOWS\SYSTEM32\CRYPTSP.dll
0x00007ff887980000 - 0x00007ff8879b4000 	C:\WINDOWS\system32\rsaenh.dll
0x00007ff888ba0000 - 0x00007ff888bc7000 	C:\WINDOWS\System32\bcrypt.dll
0x00007ff888760000 - 0x00007ff88878e000 	C:\WINDOWS\SYSTEM32\USERENV.dll
0x00007ff889110000 - 0x00007ff88918f000 	C:\WINDOWS\System32\bcryptprimitives.dll
0x00007ff888250000 - 0x00007ff88825c000 	C:\WINDOWS\SYSTEM32\CRYPTBASE.dll
0x00007ff887d00000 - 0x00007ff887d3b000 	C:\WINDOWS\SYSTEM32\IPHLPAPI.DLL
0x00007ff889190000 - 0x00007ff889198000 	C:\WINDOWS\System32\NSI.dll
0x00007ff87fbe0000 - 0x00007ff87fbf7000 	C:\WINDOWS\SYSTEM32\dhcpcsvc6.DLL
0x00007ff87fba0000 - 0x00007ff87fbbd000 	C:\WINDOWS\SYSTEM32\dhcpcsvc.DLL
0x00007ff887d40000 - 0x00007ff887e0b000 	C:\WINDOWS\SYSTEM32\DNSAPI.dll
0x00007ff880030000 - 0x00007ff88003b000 	C:\WINDOWS\SYSTEM32\WINNSI.DLL

VM Arguments:
jvm_args: -Xmx1536m -Dfile.encoding=windows-1252 -Duser.country=GB -Duser.language=en -Duser.variant 
java_command: org.gradle.launcher.daemon.bootstrap.GradleDaemon 6.5
java_class_path (initial): C:\Users\Marius\.gradle\wrapper\dists\gradle-6.5-bin\6nifqtx7604sqp1q6g8wikw7p\gradle-6.5\lib\gradle-launcher-6.5.jar
Launcher Type: SUN_STANDARD

Environment Variables:
JAVA_HOME=C:\Program Files\Java\jdk-13
PATH=C:\Program Files (x86)\Common Files\Intel\Shared Libraries\redist\intel64\compiler;C:\Windows\system32;C:\Windows;C:\Windows\System32\Wbem;C:\Windows\System32\WindowsPowerShell\v1.0\;C:\Windows\System32\OpenSSH\;C:\Program Files\NVIDIA Corporation\NVIDIA NvDLISR;C:\Program Files (x86)\NVIDIA Corporation\PhysX\Common;C:\Program Files (x86)\Microsoft SQL Server\150\DTS\Binn\;C:\Program Files\Microsoft SQL Server\Client SDK\ODBC\130\Tools\Binn\;C:\Program Files (x86)\Microsoft SQL Server\140\Tools\Binn\;C:\Program Files\Microsoft SQL Server\140\Tools\Binn\;C:\Program Files\Microsoft SQL Server\140\DTS\Binn\;C:\Program Files\Java\jdk-13\bin;%GRADLE_HOME%\bin;C:\Program Files\dotnet\;C:\Program Files\Microsoft SQL Server\130\Tools\Binn\;C:\Program Files\Microsoft SQL Server\Client SDK\ODBC\170\Tools\Binn\;C:\Users\Marius\AppData\Local\Packages\PythonSoftwareFoundation.Python.3.8_qbz5n2kfra8p0\LocalCache\local-packages\Python38\Scripts;C:\Program Files (x86)\Yarn\bin\;C:\WINDOWS\system32;C:\WINDOWS;C:\WINDOWS\System32\Wbem;C:\WINDOWS\System32\WindowsPowerShell\v1.0\;C:\WINDOWS\System32\OpenSSH\;C:\Program Files (x86)\Microsoft SQL Server\150\Tools\Binn\;C:\Program Files\Microsoft SQL Server\150\Tools\Binn\;C:\Program Files\Microsoft SQL Server\150\DTS\Binn\;C:\Program Files\Git\cmd;C:\Program Files\nodejs\;C:\Program Files\PuTTY\;C:\Program Files\TortoiseGit\bin;C:\Users\Marius\AppData\Local\Microsoft\WindowsApps;C:\Users\Marius\AppData\Local\Programs\Microsoft VS Code\bin;C:\Users\Marius\AppData\Local\Yarn\bin;C:\Users\Marius\.dotnet\tools;C:\Users\Marius\AppData\Roaming\npm
USERNAME=Marius
OS=Windows_NT
PROCESSOR_IDENTIFIER=Intel64 Family 6 Model 158 Stepping 10, GenuineIntel



---------------  S Y S T E M  ---------------

OS: Windows 10.0 , 64 bit Build 19041 (10.0.19041.546)

CPU:total 12 (initial active 12) (6 cores per cpu, 2 threads per core) family 6 model 158 stepping 10, cmov, cx8, fxsr, mmx, sse, sse2, sse3, ssse3, sse4.1, sse4.2, popcnt, avx, avx2, aes, clmul, erms, 3dnowpref, lzcnt, ht, tsc, tscinvbit, bmi1, bmi2, adx

Memory: 4k page, physical 8258772k(230876k free), swap 20841684k(8516k free)

vm_info: OpenJDK 64-Bit Server VM (25.242-b01) for windows-amd64 JRE (1.8.0_242-release-1644-b01), built by "builder" with MS VC++ 10.0 (VS2010)

time: Sun Nov 08 17:31:52 2020
timezone: GTB Standard Time
elapsed time: 8 seconds (0d 0h 0m 8s)

